#
# There is insufficient memory for the Java Runtime Environment to continue.
# Native memory allocation (malloc) failed to allocate 32744 bytes for Chunk::new
# Possible reasons:
#   The system is out of physical RAM or swap space
#   The process is running with CompressedOops enabled, and the Java Heap may be blocking the growth of the native heap
# Possible solutions:
#   Reduce memory load on the system
#   Increase physical memory or swap space
#   Check if swap backing store is full
#   Decrease Java heap size (-Xmx/-Xms)
#   Decrease number of Java threads
#   Decrease Java thread stack sizes (-Xss)
#   Set larger code cache with -XX:ReservedCodeCacheSize=
#   JVM is running with Unscaled Compressed Oops mode in which the Java heap is
#     placed in the first 4GB address space. The Java Heap base address is the
#     maximum limit for the native heap growth. Please use -XX:HeapBaseMinAddress
#     to set the Java Heap base and to place the Java Heap above 4GB virtual address.
# This output file may be truncated or incomplete.
#
#  Out of Memory Error (arena.cpp:184), pid=7716, tid=4624
#
# JRE version: Java(TM) SE Runtime Environment (18.0.1.1+2) (build 18.0.1.1+2-6)
# Java VM: Java HotSpot(TM) 64-Bit Server VM (18.0.1.1+2-6, mixed mode, sharing, tiered, compressed oops, compressed class ptrs, g1 gc, windows-amd64)
# No core dump will be written. Minidumps are not enabled by default on client versions of Windows
#

---------------  S U M M A R Y ------------

Command Line: -javaagent:D:\Intellij IDEA\IntelliJ IDEA Community Edition 2022.1.1\lib\idea_rt.jar=59490:D:\Intellij IDEA\IntelliJ IDEA Community Edition 2022.1.1\bin -Dfile.encoding=UTF-8 com.devsuperior.dsmeta.DsmetaApplication

Host: Intel(R) Core(TM) i5-7300HQ CPU @ 2.50GHz, 4 cores, 7G,  Windows 10 , 64 bit Build 19041 (10.0.19041.1889)
Time: Fri Sep 30 17:35:59 2022 Hora oficial do Brasil elapsed time: 13.276222 seconds (0d 0h 0m 13s)

---------------  T H R E A D  ---------------

Current thread (0x000001c6a96d1ca0):  JavaThread "C2 CompilerThread1" daemon [_thread_in_native, id=4624, stack(0x0000008242f00000,0x0000008243000000)]


Current CompileTask:
C2:  13276 4218       4       org.springframework.beans.factory.support.AbstractBeanFactory::isTypeMatch (607 bytes)

Stack: [0x0000008242f00000,0x0000008243000000]
Native frames: (J=compiled Java code, j=interpreted, Vv=VM code, C=native code)
V  [jvm.dll+0x69887a]
V  [jvm.dll+0x7f38bd]
V  [jvm.dll+0x7f51ce]
V  [jvm.dll+0x7f5883]
V  [jvm.dll+0x25ca3f]
V  [jvm.dll+0xb8c2f]
V  [jvm.dll+0xb8fa5]
V  [jvm.dll+0xb8d4b]
V  [jvm.dll+0x7dd53c]
V  [jvm.dll+0x5a60dc]
V  [jvm.dll+0x5a1843]
V  [jvm.dll+0x5a15f4]
V  [jvm.dll+0x5a0898]
V  [jvm.dll+0x237f1e]
V  [jvm.dll+0x23122f]
V  [jvm.dll+0x22eeeb]
V  [jvm.dll+0x1b9cfc]
V  [jvm.dll+0x23e8ca]
V  [jvm.dll+0x23cbb5]
V  [jvm.dll+0x7a5fb1]
V  [jvm.dll+0x7a03ea]
V  [jvm.dll+0x697725]
C  [ucrtbase.dll+0x21bb2]
C  [KERNEL32.DLL+0x17034]
C  [ntdll.dll+0x526a1]


---------------  P R O C E S S  ---------------

Threads class SMR info:
_java_thread_list=0x000001c6a825f760, length=30, elements={
0x000001c6a1d12480, 0x000001c6a1d13790, 0x000001c6a1d32a10, 0x000001c6a1d342d0,
0x000001c6a1d35320, 0x000001c6a1d364b0, 0x000001c6a1d3cec0, 0x000001c6a1d3da30,
0x000001c6a1d3af70, 0x000001c6a60588d0, 0x000001c6a63a56d0, 0x000001c6a62aa7b0,
0x000001c6a9035de0, 0x000001c6a9036780, 0x000001c6a90345d0, 0x000001c6a9032dc0,
0x000001c6a9033290, 0x000001c6a9035440, 0x000001c6a9035910, 0x000001c6a90362b0,
0x000001c6a9034aa0, 0x000001c6a9033760, 0x000001c6a9c817a0, 0x000001c6a9c86e40,
0x000001c6a9c82140, 0x000001c6a9c85160, 0x000001c6a9c83950, 0x000001c6a9c85630,
0x000001c6a9c86970, 0x000001c6a96d1ca0
}

Java Threads: ( => current thread )
  0x000001c6a1d12480 JavaThread "Reference Handler" daemon [_thread_blocked, id=10972, stack(0x0000008242100000,0x0000008242200000)]
  0x000001c6a1d13790 JavaThread "Finalizer" daemon [_thread_blocked, id=14032, stack(0x0000008242200000,0x0000008242300000)]
  0x000001c6a1d32a10 JavaThread "Signal Dispatcher" daemon [_thread_blocked, id=9064, stack(0x0000008242400000,0x0000008242500000)]
  0x000001c6a1d342d0 JavaThread "Attach Listener" daemon [_thread_blocked, id=13772, stack(0x0000008242500000,0x0000008242600000)]
  0x000001c6a1d35320 JavaThread "Service Thread" daemon [_thread_blocked, id=10228, stack(0x0000008242600000,0x0000008242700000)]
  0x000001c6a1d364b0 JavaThread "Monitor Deflation Thread" daemon [_thread_blocked, id=3748, stack(0x0000008242700000,0x0000008242800000)]
  0x000001c6a1d3cec0 JavaThread "C2 CompilerThread0" daemon [_thread_in_native, id=5356, stack(0x0000008242800000,0x0000008242900000)]
  0x000001c6a1d3da30 JavaThread "C1 CompilerThread0" daemon [_thread_blocked, id=4516, stack(0x0000008242900000,0x0000008242a00000)]
  0x000001c6a1d3af70 JavaThread "Sweeper thread" daemon [_thread_blocked, id=4468, stack(0x0000008242a00000,0x0000008242b00000)]
  0x000001c6a60588d0 JavaThread "Common-Cleaner" daemon [_thread_blocked, id=13320, stack(0x0000008242b00000,0x0000008242c00000)]
  0x000001c6a63a56d0 JavaThread "Monitor Ctrl-Break" daemon [_thread_in_native, id=3264, stack(0x0000008242c00000,0x0000008242d00000)]
  0x000001c6a62aa7b0 JavaThread "Notification Thread" daemon [_thread_blocked, id=9792, stack(0x0000008242d00000,0x0000008242e00000)]
  0x000001c6a9035de0 JavaThread "HikariPool-1 housekeeper" daemon [_thread_blocked, id=5084, stack(0x0000008243300000,0x0000008243400000)]
  0x000001c6a9036780 JavaThread "Catalina-utility-1" [_thread_blocked, id=13656, stack(0x0000008243400000,0x0000008243500000)]
  0x000001c6a90345d0 JavaThread "Catalina-utility-2" [_thread_blocked, id=9684, stack(0x0000008243500000,0x0000008243600000)]
  0x000001c6a9032dc0 JavaThread "container-0" [_thread_blocked, id=9488, stack(0x0000008243600000,0x0000008243700000)]
  0x000001c6a9033290 JavaThread "http-nio-8080-exec-1" daemon [_thread_blocked, id=2520, stack(0x0000008243800000,0x0000008243900000)]
  0x000001c6a9035440 JavaThread "http-nio-8080-exec-2" daemon [_thread_blocked, id=8992, stack(0x0000008243900000,0x0000008243a00000)]
  0x000001c6a9035910 JavaThread "http-nio-8080-exec-3" daemon [_thread_blocked, id=2192, stack(0x0000008243a00000,0x0000008243b00000)]
  0x000001c6a90362b0 JavaThread "http-nio-8080-exec-4" daemon [_thread_blocked, id=13684, stack(0x0000008243b00000,0x0000008243c00000)]
  0x000001c6a9034aa0 JavaThread "http-nio-8080-exec-5" daemon [_thread_blocked, id=12700, stack(0x0000008243c00000,0x0000008243d00000)]
  0x000001c6a9033760 JavaThread "http-nio-8080-exec-6" daemon [_thread_blocked, id=13572, stack(0x0000008243d00000,0x0000008243e00000)]
  0x000001c6a9c817a0 JavaThread "http-nio-8080-exec-7" daemon [_thread_blocked, id=12108, stack(0x0000008243e00000,0x0000008243f00000)]
  0x000001c6a9c86e40 JavaThread "http-nio-8080-exec-8" daemon [_thread_blocked, id=6384, stack(0x0000008243f00000,0x0000008244000000)]
  0x000001c6a9c82140 JavaThread "http-nio-8080-exec-9" daemon [_thread_blocked, id=3908, stack(0x0000008244000000,0x0000008244100000)]
  0x000001c6a9c85160 JavaThread "http-nio-8080-exec-10" daemon [_thread_blocked, id=13464, stack(0x0000008244100000,0x0000008244200000)]
  0x000001c6a9c83950 JavaThread "http-nio-8080-Poller" daemon [_thread_in_native, id=1116, stack(0x0000008244200000,0x0000008244300000)]
  0x000001c6a9c85630 JavaThread "http-nio-8080-Acceptor" daemon [_thread_in_native, id=5344, stack(0x0000008244300000,0x0000008244400000)]
  0x000001c6a9c86970 JavaThread "DestroyJavaVM" [_thread_blocked, id=9332, stack(0x0000008241a00000,0x0000008241b00000)]
=>0x000001c6a96d1ca0 JavaThread "C2 CompilerThread1" daemon [_thread_in_native, id=4624, stack(0x0000008242f00000,0x0000008243000000)]

Other Threads:
  0x000001c6a1d0edd0 VMThread "VM Thread" [stack: 0x0000008242000000,0x0000008242100000] [id=11940]
  0x000001c6a63a5b90 WatcherThread "VM Periodic Task Thread" [stack: 0x0000008242e00000,0x0000008242f00000] [id=10196]
  0x000001c682588f60 WorkerThread "GC Thread#0" [stack: 0x0000008241b00000,0x0000008241c00000] [id=13484]
  0x000001c6a65ae9d0 WorkerThread "GC Thread#1" [stack: 0x0000008243000000,0x0000008243100000] [id=13236]
  0x000001c6a66681a0 WorkerThread "GC Thread#2" [stack: 0x0000008243100000,0x0000008243200000] [id=9308]
  0x000001c6a664ffb0 WorkerThread "GC Thread#3" [stack: 0x0000008243200000,0x0000008243300000] [id=11796]
  0x000001c68259a9b0 ConcurrentGCThread "G1 Main Marker" [stack: 0x0000008241c00000,0x0000008241d00000] [id=5564]
  0x000001c68259ca60 WorkerThread "G1 Conc#0" [stack: 0x0000008241d00000,0x0000008241e00000] [id=13688]
  0x000001c6825dbd00 ConcurrentGCThread "G1 Refine#0" [stack: 0x0000008241e00000,0x0000008241f00000] [id=14112]
  0x000001c6a9f595f0 ConcurrentGCThread "G1 Refine#1" [stack: 0x0000008244400000,0x0000008244500000] [id=10440]
  0x000001c6825dc520 ConcurrentGCThread "G1 Service" [stack: 0x0000008241f00000,0x0000008242000000] [id=7572]

Threads with active compile tasks:
C2 CompilerThread0    13360 4199   !   4       java.net.URL::<init> (543 bytes)
C2 CompilerThread1    13360 4218       4       org.springframework.beans.factory.support.AbstractBeanFactory::isTypeMatch (607 bytes)

VM state: not at safepoint (normal execution)

VM Mutex/Monitor currently owned by a thread: None

Heap address: 0x0000000082000000, size: 2016 MB, Compressed Oops mode: 32-bit

CDS archive(s) mapped at: [0x0000000800000000-0x0000000800ba0000-0x0000000800ba0000), size 12189696, SharedBaseAddress: 0x0000000800000000, ArchiveRelocationMode: 0.
Compressed class space mapped at: 0x0000000800c00000-0x0000000840c00000, reserved size: 1073741824
Narrow klass base: 0x0000000800000000, Narrow klass shift: 0, Narrow klass range: 0x100000000

GC Precious Log:
 CardTable entry size: 512
 Card Set container configuration: InlinePtr #cards 5 size 8 Array Of Cards #cards 12 size 40 Howl #buckets 4 coarsen threshold 1843 Howl Bitmap #cards 512 size 80 coarsen threshold 460 Card regions per heap region 1 cards per card region 2048
 CPUs: 4 total, 4 available
 Memory: 8060M
 Large Page Support: Disabled
 NUMA Support: Disabled
 Compressed Oops: Enabled (32-bit)
 Heap Region Size: 1M
 Heap Min Capacity: 8M
 Heap Initial Capacity: 126M
 Heap Max Capacity: 2016M
 Pre-touch: Disabled
 Parallel Workers: 4
 Concurrent Workers: 1
 Concurrent Refinement Workers: 4
 Periodic GC: Disabled

Heap:
 garbage-first heap   total 59392K, used 25724K [0x0000000082000000, 0x0000000100000000)
  region size 1024K, 10 young (10240K), 4 survivors (4096K)
 Metaspace       used 47545K, committed 48000K, reserved 1114112K
  class space    used 6134K, committed 6336K, reserved 1048576K

Heap Regions: E=young(eden), S=young(survivor), O=old, HS=humongous(starts), HC=humongous(continues), CS=collection set, F=free, OA=open archive, CA=closed archive, TAMS=top-at-mark-start (previous, next)
|   0|0x0000000082000000, 0x0000000082100000, 0x0000000082100000|100%|HS|  |TAMS 0x0000000082100000, 0x0000000082000000| Complete 
|   1|0x0000000082100000, 0x0000000082200000, 0x0000000082200000|100%| O|  |TAMS 0x0000000082200000, 0x0000000082100000| Untracked 
|   2|0x0000000082200000, 0x0000000082300000, 0x0000000082300000|100%| O|  |TAMS 0x0000000082300000, 0x0000000082200000| Untracked 
|   3|0x0000000082300000, 0x0000000082400000, 0x0000000082400000|100%| O|  |TAMS 0x0000000082400000, 0x0000000082300000| Untracked 
|   4|0x0000000082400000, 0x0000000082500000, 0x0000000082500000|100%| O|  |TAMS 0x0000000082500000, 0x0000000082400000| Untracked 
|   5|0x0000000082500000, 0x00000000825ff800, 0x0000000082600000| 99%| O|  |TAMS 0x00000000825ff800, 0x0000000082500000| Untracked 
|   6|0x0000000082600000, 0x0000000082700000, 0x0000000082700000|100%| O|  |TAMS 0x0000000082600000, 0x0000000082600000| Untracked 
|   7|0x0000000082700000, 0x0000000082800000, 0x0000000082800000|100%| O|  |TAMS 0x0000000082700000, 0x0000000082700000| Untracked 
|   8|0x0000000082800000, 0x0000000082900000, 0x0000000082900000|100%| O|  |TAMS 0x0000000082800000, 0x0000000082800000| Untracked 
|   9|0x0000000082900000, 0x0000000082a00000, 0x0000000082a00000|100%| O|  |TAMS 0x0000000082900000, 0x0000000082900000| Untracked 
|  10|0x0000000082a00000, 0x0000000082b00000, 0x0000000082b00000|100%| O|  |TAMS 0x0000000082a00000, 0x0000000082a00000| Untracked 
|  11|0x0000000082b00000, 0x0000000082c00000, 0x0000000082c00000|100%| O|  |TAMS 0x0000000082b00000, 0x0000000082b00000| Untracked 
|  12|0x0000000082c00000, 0x0000000082d00000, 0x0000000082d00000|100%| O|  |TAMS 0x0000000082c00000, 0x0000000082c00000| Untracked 
|  13|0x0000000082d00000, 0x0000000082e00000, 0x0000000082e00000|100%| O|  |TAMS 0x0000000082d00000, 0x0000000082d00000| Untracked 
|  14|0x0000000082e00000, 0x0000000082e1f800, 0x0000000082f00000| 12%| O|  |TAMS 0x0000000082e00000, 0x0000000082e00000| Untracked 
|  15|0x0000000082f00000, 0x0000000082f00000, 0x0000000083000000|  0%| F|  |TAMS 0x0000000082f00000, 0x0000000082f00000| Untracked 
|  16|0x0000000083000000, 0x0000000083000000, 0x0000000083100000|  0%| F|  |TAMS 0x0000000083000000, 0x0000000083000000| Untracked 
|  17|0x0000000083100000, 0x0000000083100000, 0x0000000083200000|  0%| F|  |TAMS 0x0000000083100000, 0x0000000083100000| Untracked 
|  18|0x0000000083200000, 0x0000000083200000, 0x0000000083300000|  0%| F|  |TAMS 0x0000000083200000, 0x0000000083200000| Untracked 
|  19|0x0000000083300000, 0x0000000083300000, 0x0000000083400000|  0%| F|  |TAMS 0x0000000083300000, 0x0000000083300000| Untracked 
|  20|0x0000000083400000, 0x0000000083400000, 0x0000000083500000|  0%| F|  |TAMS 0x0000000083400000, 0x0000000083400000| Untracked 
|  21|0x0000000083500000, 0x0000000083500000, 0x0000000083600000|  0%| F|  |TAMS 0x0000000083500000, 0x0000000083500000| Untracked 
|  22|0x0000000083600000, 0x0000000083600000, 0x0000000083700000|  0%| F|  |TAMS 0x0000000083600000, 0x0000000083600000| Untracked 
|  23|0x0000000083700000, 0x0000000083800000, 0x0000000083800000|100%| S|CS|TAMS 0x0000000083700000, 0x0000000083700000| Complete 
|  24|0x0000000083800000, 0x0000000083900000, 0x0000000083900000|100%| S|CS|TAMS 0x0000000083800000, 0x0000000083800000| Complete 
|  25|0x0000000083900000, 0x0000000083a00000, 0x0000000083a00000|100%| S|CS|TAMS 0x0000000083900000, 0x0000000083900000| Complete 
|  26|0x0000000083a00000, 0x0000000083a00000, 0x0000000083b00000|  0%| F|  |TAMS 0x0000000083a00000, 0x0000000083a00000| Untracked 
|  27|0x0000000083b00000, 0x0000000083b00000, 0x0000000083c00000|  0%| F|  |TAMS 0x0000000083b00000, 0x0000000083b00000| Untracked 
|  28|0x0000000083c00000, 0x0000000083c00000, 0x0000000083d00000|  0%| F|  |TAMS 0x0000000083c00000, 0x0000000083c00000| Untracked 
|  29|0x0000000083d00000, 0x0000000083d00000, 0x0000000083e00000|  0%| F|  |TAMS 0x0000000083d00000, 0x0000000083d00000| Untracked 
|  30|0x0000000083e00000, 0x0000000083f00000, 0x0000000083f00000|100%| S|CS|TAMS 0x0000000083e00000, 0x0000000083e00000| Complete 
|  31|0x0000000083f00000, 0x0000000083f00000, 0x0000000084000000|  0%| F|  |TAMS 0x0000000083f00000, 0x0000000083f00000| Untracked 
|  32|0x0000000084000000, 0x0000000084000000, 0x0000000084100000|  0%| F|  |TAMS 0x0000000084000000, 0x0000000084000000| Untracked 
|  33|0x0000000084100000, 0x0000000084100000, 0x0000000084200000|  0%| F|  |TAMS 0x0000000084100000, 0x0000000084100000| Untracked 
|  34|0x0000000084200000, 0x0000000084200000, 0x0000000084300000|  0%| F|  |TAMS 0x0000000084200000, 0x0000000084200000| Untracked 
|  35|0x0000000084300000, 0x0000000084300000, 0x0000000084400000|  0%| F|  |TAMS 0x0000000084300000, 0x0000000084300000| Untracked 
|  36|0x0000000084400000, 0x0000000084400000, 0x0000000084500000|  0%| F|  |TAMS 0x0000000084400000, 0x0000000084400000| Untracked 
|  37|0x0000000084500000, 0x0000000084500000, 0x0000000084600000|  0%| F|  |TAMS 0x0000000084500000, 0x0000000084500000| Untracked 
|  38|0x0000000084600000, 0x0000000084600000, 0x0000000084700000|  0%| F|  |TAMS 0x0000000084600000, 0x0000000084600000| Untracked 
|  39|0x0000000084700000, 0x0000000084700000, 0x0000000084800000|  0%| F|  |TAMS 0x0000000084700000, 0x0000000084700000| Untracked 
|  40|0x0000000084800000, 0x0000000084800000, 0x0000000084900000|  0%| F|  |TAMS 0x0000000084800000, 0x0000000084800000| Untracked 
|  41|0x0000000084900000, 0x0000000084900000, 0x0000000084a00000|  0%| F|  |TAMS 0x0000000084900000, 0x0000000084900000| Untracked 
|  42|0x0000000084a00000, 0x0000000084a00000, 0x0000000084b00000|  0%| F|  |TAMS 0x0000000084a00000, 0x0000000084a00000| Untracked 
|  43|0x0000000084b00000, 0x0000000084b00000, 0x0000000084c00000|  0%| F|  |TAMS 0x0000000084b00000, 0x0000000084b00000| Untracked 
|  44|0x0000000084c00000, 0x0000000084c00000, 0x0000000084d00000|  0%| F|  |TAMS 0x0000000084c00000, 0x0000000084c00000| Untracked 
|  45|0x0000000084d00000, 0x0000000084d00000, 0x0000000084e00000|  0%| F|  |TAMS 0x0000000084d00000, 0x0000000084d00000| Untracked 
|  46|0x0000000084e00000, 0x0000000084e00000, 0x0000000084f00000|  0%| F|  |TAMS 0x0000000084e00000, 0x0000000084e00000| Untracked 
|  69|0x0000000086500000, 0x0000000086500000, 0x0000000086600000|  0%| F|  |TAMS 0x0000000086500000, 0x0000000086500000| Untracked 
|  70|0x0000000086600000, 0x0000000086600000, 0x0000000086700000|  0%| F|  |TAMS 0x0000000086600000, 0x0000000086600000| Untracked 
|  71|0x0000000086700000, 0x000000008674d5f0, 0x0000000086800000| 30%| E|  |TAMS 0x0000000086700000, 0x0000000086700000| Complete 
|  72|0x0000000086800000, 0x0000000086900000, 0x0000000086900000|100%| E|CS|TAMS 0x0000000086800000, 0x0000000086800000| Complete 
|  73|0x0000000086900000, 0x0000000086a00000, 0x0000000086a00000|100%| E|CS|TAMS 0x0000000086900000, 0x0000000086900000| Complete 
|  74|0x0000000086a00000, 0x0000000086b00000, 0x0000000086b00000|100%| E|  |TAMS 0x0000000086a00000, 0x0000000086a00000| Complete 
|  75|0x0000000086b00000, 0x0000000086c00000, 0x0000000086c00000|100%| E|CS|TAMS 0x0000000086b00000, 0x0000000086b00000| Complete 
| 125|0x0000000089d00000, 0x0000000089e00000, 0x0000000089e00000|100%| E|CS|TAMS 0x0000000089d00000, 0x0000000089d00000| Complete 
|2013|0x00000000ffd00000, 0x00000000ffe00000, 0x00000000ffe00000|100%| O|  |TAMS 0x00000000ffd77200, 0x00000000ffd00000| Untracked 
|2014|0x00000000ffe00000, 0x00000000fff00000, 0x00000000fff00000|100%| O|  |TAMS 0x00000000fff00000, 0x00000000ffe00000| Untracked 
|2015|0x00000000fff00000, 0x0000000100000000, 0x0000000100000000|100%| O|  |TAMS 0x0000000100000000, 0x00000000fff00000| Untracked 

Card table byte_map: [0x000001c69b060000,0x000001c69b450000] _byte_map_base: 0x000001c69ac50000

Marking Bits (Prev, Next): (CMBitMap*) 0x000001c68258a480, (CMBitMap*) 0x000001c68258a4c0
 Prev Bits: [0x000001c69b840000, 0x000001c69d7c0000)
 Next Bits: [0x000001c69d7c0000, 0x000001c69f740000)

Polling page: 0x000001c6825f0000

Metaspace:

Usage:
  Non-class:     40.44 MB used.
      Class:      5.99 MB used.
       Both:     46.43 MB used.

Virtual space:
  Non-class space:       64.00 MB reserved,      40.69 MB ( 64%) committed,  1 nodes.
      Class space:        1.00 GB reserved,       6.19 MB ( <1%) committed,  1 nodes.
             Both:        1.06 GB reserved,      46.88 MB (  4%) committed. 

Chunk freelists:
   Non-Class:  2.86 MB
       Class:  1.86 MB
        Both:  4.72 MB

MaxMetaspaceSize: unlimited
CompressedClassSpaceSize: 1.00 GB
Initial GC threshold: 21.00 MB
Current GC threshold: 59.31 MB
CDS: on
MetaspaceReclaimPolicy: balanced
 - commit_granule_bytes: 65536.
 - commit_granule_words: 8192.
 - virtual_space_node_default_size: 8388608.
 - enlarge_chunks_in_place: 1.
 - new_chunks_are_fully_committed: 0.
 - uncommit_free_chunks: 1.
 - use_allocation_guard: 0.


Internal statistics:

num_allocs_failed_limit: 6.
num_arena_births: 458.
num_arena_deaths: 0.
num_vsnodes_births: 2.
num_vsnodes_deaths: 0.
num_space_committed: 750.
num_space_uncommitted: 0.
num_chunks_returned_to_freelist: 6.
num_chunks_taken_from_freelist: 2113.
num_chunk_merges: 6.
num_chunk_splits: 1547.
num_chunks_enlarged: 1283.
num_inconsistent_stats: 0.

CodeHeap 'non-profiled nmethods': size=120000Kb used=2540Kb max_used=2540Kb free=117459Kb
 bounds [0x000001c693120000, 0x000001c6933a0000, 0x000001c69a650000]
CodeHeap 'profiled nmethods': size=120000Kb used=9261Kb max_used=9261Kb free=110738Kb
 bounds [0x000001c68bbf0000, 0x000001c68c500000, 0x000001c693120000]
CodeHeap 'non-nmethods': size=5760Kb used=1284Kb max_used=1355Kb free=4475Kb
 bounds [0x000001c68b650000, 0x000001c68b8c0000, 0x000001c68bbf0000]
 total_blobs=4811 nmethods=4219 adapters=504
 compilation: enabled
              stopped_count=0, restarted_count=0
 full_count=0

Compilation events (20 events):
Event: 13.158 Thread 0x000001c6a1d3da30 4237       1       javax.servlet.ServletRequestWrapper::getRequest (5 bytes)
Event: 13.158 Thread 0x000001c6a1d3da30 nmethod 4237 0x000001c693398810 code [0x000001c6933989a0, 0x000001c693398a78]
Event: 13.158 Thread 0x000001c6a1d3da30 4238   !   3       java.io.StringReader::read (52 bytes)
Event: 13.159 Thread 0x000001c6a1d3da30 nmethod 4238 0x000001c68c4f7990 code [0x000001c68c4f7bc0, 0x000001c68c4f8488]
Event: 13.159 Thread 0x000001c6a1d3da30 4239       1       org.apache.catalina.connector.Response::getCoyoteResponse (5 bytes)
Event: 13.159 Thread 0x000001c6a1d3da30 nmethod 4239 0x000001c693398b10 code [0x000001c693398ca0, 0x000001c693398d78]
Event: 13.160 Thread 0x000001c6a1d3da30 4240       3       java.nio.StringCharBuffer::get (19 bytes)
Event: 13.160 Thread 0x000001c6a1d3da30 nmethod 4240 0x000001c68c4f8910 code [0x000001c68c4f8ae0, 0x000001c68c4f8e58]
Event: 13.160 Thread 0x000001c6a1d3da30 4242       3       java.nio.charset.CoderResult::isOverflow (14 bytes)
Event: 13.160 Thread 0x000001c6a1d3da30 nmethod 4242 0x000001c68c4f8f90 code [0x000001c68c4f9120, 0x000001c68c4f9298]
Event: 13.160 Thread 0x000001c6a1d3da30 4243       3       java.nio.CharBuffer::hasArray (20 bytes)
Event: 13.160 Thread 0x000001c6a1d3da30 nmethod 4243 0x000001c68c4f9310 code [0x000001c68c4f94a0, 0x000001c68c4f9658]
Event: 13.161 Thread 0x000001c6a1d3da30 4241       3       org.apache.tomcat.util.buf.MessageBytes::toString (88 bytes)
Event: 13.161 Thread 0x000001c6a1d3da30 nmethod 4241 0x000001c68c4f9710 code [0x000001c68c4f9920, 0x000001c68c4fa198]
Event: 13.161 Thread 0x000001c6a1d3da30 4244       3       org.apache.tomcat.util.buf.AbstractChunk::recycle (21 bytes)
Event: 13.161 Thread 0x000001c6a1d3da30 nmethod 4244 0x000001c68c4fa310 code [0x000001c68c4fa4a0, 0x000001c68c4fa5b8]
Event: 13.162 Thread 0x000001c6a1d3da30 4245       3       org.apache.juli.logging.DirectJDKLog::isDebugEnabled (11 bytes)
Event: 13.162 Thread 0x000001c6a1d3da30 nmethod 4245 0x000001c68c4fa690 code [0x000001c68c4fa840, 0x000001c68c4faaf8]
Event: 13.162 Thread 0x000001c6a96d1ca0 nmethod 4204% 0x000001c693398e10 code [0x000001c693399060, 0x000001c69339a3f0]
Event: 13.162 Thread 0x000001c6a96d1ca0 4218       4       org.springframework.beans.factory.support.AbstractBeanFactory::isTypeMatch (607 bytes)

GC Heap History (16 events):
Event: 0.449 GC heap before
{Heap before GC invocations=0 (full 0):
 garbage-first heap   total 129024K, used 14336K [0x0000000082000000, 0x0000000100000000)
  region size 1024K, 13 young (13312K), 0 survivors (0K)
 Metaspace       used 3556K, committed 3648K, reserved 1114112K
  class space    used 356K, committed 384K, reserved 1048576K
}
Event: 0.454 GC heap after
{Heap after GC invocations=1 (full 0):
 garbage-first heap   total 129024K, used 6098K [0x0000000082000000, 0x0000000100000000)
  region size 1024K, 2 young (2048K), 2 survivors (2048K)
 Metaspace       used 3556K, committed 3648K, reserved 1114112K
  class space    used 356K, committed 384K, reserved 1048576K
}
Event: 0.901 GC heap before
{Heap before GC invocations=1 (full 0):
 garbage-first heap   total 129024K, used 17362K [0x0000000082000000, 0x0000000100000000)
  region size 1024K, 13 young (13312K), 2 survivors (2048K)
 Metaspace       used 6626K, committed 6848K, reserved 1114112K
  class space    used 779K, committed 896K, reserved 1048576K
}
Event: 0.905 GC heap after
{Heap after GC invocations=2 (full 0):
 garbage-first heap   total 129024K, used 7166K [0x0000000082000000, 0x0000000100000000)
  region size 1024K, 1 young (1024K), 1 survivors (1024K)
 Metaspace       used 6626K, committed 6848K, reserved 1114112K
  class space    used 779K, committed 896K, reserved 1048576K
}
Event: 1.369 GC heap before
{Heap before GC invocations=2 (full 0):
 garbage-first heap   total 129024K, used 30718K [0x0000000082000000, 0x0000000100000000)
  region size 1024K, 25 young (25600K), 1 survivors (1024K)
 Metaspace       used 13479K, committed 13696K, reserved 1114112K
  class space    used 1605K, committed 1728K, reserved 1048576K
}
Event: 1.372 GC heap after
{Heap after GC invocations=3 (full 0):
 garbage-first heap   total 129024K, used 8865K [0x0000000082000000, 0x0000000100000000)
  region size 1024K, 3 young (3072K), 3 survivors (3072K)
 Metaspace       used 13479K, committed 13696K, reserved 1114112K
  class space    used 1605K, committed 1728K, reserved 1048576K
}
Event: 2.346 GC heap before
{Heap before GC invocations=3 (full 0):
 garbage-first heap   total 129024K, used 55969K [0x0000000082000000, 0x0000000100000000)
  region size 1024K, 50 young (51200K), 3 survivors (3072K)
 Metaspace       used 21277K, committed 21504K, reserved 1114112K
  class space    used 2584K, committed 2688K, reserved 1048576K
}
Event: 2.354 GC heap after
{Heap after GC invocations=4 (full 0):
 garbage-first heap   total 129024K, used 12735K [0x0000000082000000, 0x0000000100000000)
  region size 1024K, 7 young (7168K), 7 survivors (7168K)
 Metaspace       used 21277K, committed 21504K, reserved 1114112K
  class space    used 2584K, committed 2688K, reserved 1048576K
}
Event: 3.134 GC heap before
{Heap before GC invocations=5 (full 0):
 garbage-first heap   total 48128K, used 47551K [0x0000000082000000, 0x0000000100000000)
  region size 1024K, 41 young (41984K), 7 survivors (7168K)
 Metaspace       used 29661K, committed 30016K, reserved 1114112K
  class space    used 3572K, committed 3776K, reserved 1048576K
}
Event: 3.149 GC heap after
{Heap after GC invocations=6 (full 0):
 garbage-first heap   total 59392K, used 16346K [0x0000000082000000, 0x0000000100000000)
  region size 1024K, 8 young (8192K), 8 survivors (8192K)
 Metaspace       used 29661K, committed 30016K, reserved 1114112K
  class space    used 3572K, committed 3776K, reserved 1048576K
}
Event: 3.642 GC heap before
{Heap before GC invocations=6 (full 0):
 garbage-first heap   total 59392K, used 38874K [0x0000000082000000, 0x0000000100000000)
  region size 1024K, 31 young (31744K), 8 survivors (8192K)
 Metaspace       used 35828K, committed 36160K, reserved 1114112K
  class space    used 4505K, committed 4672K, reserved 1048576K
}
Event: 3.648 GC heap after
{Heap after GC invocations=7 (full 0):
 garbage-first heap   total 59392K, used 17956K [0x0000000082000000, 0x0000000100000000)
  region size 1024K, 2 young (2048K), 2 survivors (2048K)
 Metaspace       used 35828K, committed 36160K, reserved 1114112K
  class space    used 4505K, committed 4672K, reserved 1048576K
}
Event: 4.163 GC heap before
{Heap before GC invocations=8 (full 0):
 garbage-first heap   total 59392K, used 43556K [0x0000000082000000, 0x0000000100000000)
  region size 1024K, 27 young (27648K), 2 survivors (2048K)
 Metaspace       used 42027K, committed 42368K, reserved 1114112K
  class space    used 5414K, committed 5568K, reserved 1048576K
}
Event: 4.167 GC heap after
{Heap after GC invocations=9 (full 0):
 garbage-first heap   total 59392K, used 19722K [0x0000000082000000, 0x0000000100000000)
  region size 1024K, 4 young (4096K), 4 survivors (4096K)
 Metaspace       used 42027K, committed 42368K, reserved 1114112K
  class space    used 5414K, committed 5568K, reserved 1048576K
}
Event: 4.673 GC heap before
{Heap before GC invocations=9 (full 0):
 garbage-first heap   total 59392K, used 44298K [0x0000000082000000, 0x0000000100000000)
  region size 1024K, 28 young (28672K), 4 survivors (4096K)
 Metaspace       used 45900K, committed 46336K, reserved 1114112K
  class space    used 5953K, committed 6144K, reserved 1048576K
}
Event: 4.680 GC heap after
{Heap after GC invocations=10 (full 0):
 garbage-first heap   total 59392K, used 21628K [0x0000000082000000, 0x0000000100000000)
  region size 1024K, 4 young (4096K), 4 survivors (4096K)
 Metaspace       used 45900K, committed 46336K, reserved 1114112K
  class space    used 5953K, committed 6144K, reserved 1048576K
}

Deoptimization events (20 events):
Event: 4.475 Thread 0x000001c68252b650 Uncommon trap: trap_request=0xffffff45 fr.pc=0x000001c6931f5a24 relative=0x0000000000000104
Event: 4.475 Thread 0x000001c68252b650 Uncommon trap: reason=unstable_if action=reinterpret pc=0x000001c6931f5a24 method=org.springframework.util.ObjectUtils.nullSafeEquals(Ljava/lang/Object;Ljava/lang/Object;)Z @ 12 c2
Event: 4.475 Thread 0x000001c68252b650 DEOPT PACKING pc=0x000001c6931f5a24 sp=0x0000008241afc800
Event: 4.475 Thread 0x000001c68252b650 DEOPT UNPACKING pc=0x000001c68b6a23a3 sp=0x0000008241afc7a0 mode 2
Event: 4.598 Thread 0x000001c68252b650 Uncommon trap: trap_request=0xffffff45 fr.pc=0x000001c693128b3c relative=0x000000000000009c
Event: 4.598 Thread 0x000001c68252b650 Uncommon trap: reason=unstable_if action=reinterpret pc=0x000001c693128b3c method=java.lang.String.isLatin1()Z @ 10 c2
Event: 4.598 Thread 0x000001c68252b650 DEOPT PACKING pc=0x000001c693128b3c sp=0x0000008241afdc70
Event: 4.598 Thread 0x000001c68252b650 DEOPT UNPACKING pc=0x000001c68b6a23a3 sp=0x0000008241afdba0 mode 2
Event: 4.617 Thread 0x000001c68252b650 Uncommon trap: trap_request=0xffffff45 fr.pc=0x000001c6932ca714 relative=0x0000000000000774
Event: 4.617 Thread 0x000001c68252b650 Uncommon trap: reason=unstable_if action=reinterpret pc=0x000001c6932ca714 method=org.springframework.core.annotation.AnnotationsScanner.isWithoutHierarchy(Ljava/lang/reflect/AnnotatedElement;Lorg/springframework/core/annotation/MergedAnnotations$SearchSt
Event: 4.617 Thread 0x000001c68252b650 DEOPT PACKING pc=0x000001c6932ca714 sp=0x0000008241afe750
Event: 4.617 Thread 0x000001c68252b650 DEOPT UNPACKING pc=0x000001c68b6a23a3 sp=0x0000008241afe720 mode 2
Event: 13.065 Thread 0x000001c6a9033290 Uncommon trap: trap_request=0xffffff45 fr.pc=0x000001c6932fd598 relative=0x00000000000001f8
Event: 13.065 Thread 0x000001c6a9033290 Uncommon trap: reason=unstable_if action=reinterpret pc=0x000001c6932fd598 method=java.lang.String.indexOf(Ljava/lang/String;)I @ 10 c2
Event: 13.065 Thread 0x000001c6a9033290 DEOPT PACKING pc=0x000001c6932fd598 sp=0x00000082438fe010
Event: 13.065 Thread 0x000001c6a9033290 DEOPT UNPACKING pc=0x000001c68b6a23a3 sp=0x00000082438fdf48 mode 2
Event: 13.065 Thread 0x000001c6a9033290 Uncommon trap: trap_request=0xffffff45 fr.pc=0x000001c6931d53d8 relative=0x00000000000001d8
Event: 13.065 Thread 0x000001c6a9033290 Uncommon trap: reason=unstable_if action=reinterpret pc=0x000001c6931d53d8 method=java.lang.String.indexOf(Ljava/lang/String;)I @ 10 c2
Event: 13.065 Thread 0x000001c6a9033290 DEOPT PACKING pc=0x000001c6931d53d8 sp=0x00000082438fdfa0
Event: 13.065 Thread 0x000001c6a9033290 DEOPT UNPACKING pc=0x000001c68b6a23a3 sp=0x00000082438fdf40 mode 2

Classes loaded (20 events):
Event: 13.043 Loading class java/nio/file/FileAlreadyExistsException
Event: 13.043 Loading class java/nio/file/FileAlreadyExistsException done
Event: 13.044 Loading class java/nio/file/AtomicMoveNotSupportedException
Event: 13.044 Loading class java/nio/file/AtomicMoveNotSupportedException done
Event: 13.045 Loading class java/nio/channels/NonWritableChannelException
Event: 13.045 Loading class java/nio/channels/NonWritableChannelException done
Event: 13.048 Loading class java/io/SequenceInputStream
Event: 13.048 Loading class java/io/SequenceInputStream done
Event: 13.057 Loading class java/nio/file/AccessMode
Event: 13.057 Loading class java/nio/file/AccessMode done
Event: 13.058 Loading class java/net/BindException
Event: 13.058 Loading class java/net/BindException done
Event: 13.063 Loading class java/lang/InheritableThreadLocal
Event: 13.063 Loading class java/lang/InheritableThreadLocal done
Event: 13.079 Loading class java/io/WriteAbortedException
Event: 13.080 Loading class java/io/WriteAbortedException done
Event: 13.080 Loading class sun/security/provider/SecureRandom
Event: 13.080 Loading class sun/security/provider/SecureRandom done
Event: 13.080 Loading class sun/security/provider/SecureRandom$SeederHolder
Event: 13.080 Loading class sun/security/provider/SecureRandom$SeederHolder done

Classes unloaded (0 events):
No events

Classes redefined (0 events):
No events

Internal exceptions (20 events):
Event: 4.192 Thread 0x000001c68252b650 Exception <a 'java/lang/NoSuchMethodError'{0x0000000086b03988}: 'void java.lang.invoke.DirectMethodHandle$Holder.invokeVirtual(java.lang.Object, java.lang.Object, long)'> (0x0000000086b03988) 
thrown [s\open\src\hotspot\share\interpreter\linkResolver.cpp, line 766]
Event: 4.324 Thread 0x000001c68252b650 Exception <a 'java/lang/IncompatibleClassChangeError'{0x000000008661a270}: Found class java.lang.Object, but interface was expected> (0x000000008661a270) 
thrown [s\open\src\hotspot\share\interpreter\linkResolver.cpp, line 833]
Event: 4.360 Thread 0x000001c68252b650 Exception <a 'java/lang/NoSuchMethodError'{0x00000000865cd1a8}: 'int java.lang.invoke.DirectMethodHandle$Holder.invokeStaticInit(java.lang.Object, java.lang.Object, java.lang.Object, java.lang.Object)'> (0x00000000865cd1a8) 
thrown [s\open\src\hotspot\share\interpreter\linkResolver.cpp, line 766]
Event: 4.391 Thread 0x000001c68252b650 Implicit null exception at 0x000001c69321edc0 to 0x000001c69321efd0
Event: 4.414 Thread 0x000001c68252b650 Exception <a 'java/lang/ClassNotFoundException'{0x0000000084b0d348}: java/lang/ObjectCustomizer> (0x0000000084b0d348) 
thrown [s\open\src\hotspot\share\classfile\systemDictionary.cpp, line 255]
Event: 4.415 Thread 0x000001c68252b650 Exception <a 'java/lang/ClassNotFoundException'{0x0000000084b13d98}: org/springframework/security/config/annotation/authentication/configuration/AuthenticationConfigurationCustomizer> (0x0000000084b13d98) 
thrown [s\open\src\hotspot\share\classfile\systemDictionary.cpp, line 255]
Event: 4.434 Thread 0x000001c68252b650 Exception <a 'java/lang/ClassNotFoundException'{0x0000000084bf0738}: java/lang/ObjectCustomizer> (0x0000000084bf0738) 
thrown [s\open\src\hotspot\share\classfile\systemDictionary.cpp, line 255]
Event: 4.435 Thread 0x000001c68252b650 Exception <a 'java/lang/ClassNotFoundException'{0x0000000084bf6eb8}: org/springframework/security/config/annotation/web/configuration/WebSecurityConfigurationCustomizer> (0x0000000084bf6eb8) 
thrown [s\open\src\hotspot\share\classfile\systemDictionary.cpp, line 255]
Event: 4.435 Thread 0x000001c68252b650 Exception <a 'java/lang/ClassNotFoundException'{0x0000000084a02cc8}: org/springframework/context/annotation/ImportAwareCustomizer> (0x0000000084a02cc8) 
thrown [s\open\src\hotspot\share\classfile\systemDictionary.cpp, line 255]
Event: 4.436 Thread 0x000001c68252b650 Exception <a 'java/lang/ClassNotFoundException'{0x0000000084a065f0}: org/springframework/beans/factory/AwareCustomizer> (0x0000000084a065f0) 
thrown [s\open\src\hotspot\share\classfile\systemDictionary.cpp, line 255]
Event: 4.436 Thread 0x000001c68252b650 Exception <a 'java/lang/ClassNotFoundException'{0x0000000084a092f8}: org/springframework/beans/factory/BeanClassLoaderAwareCustomizer> (0x0000000084a092f8) 
thrown [s\open\src\hotspot\share\classfile\systemDictionary.cpp, line 255]
Event: 4.436 Thread 0x000001c68252b650 Exception <a 'java/lang/ClassNotFoundException'{0x0000000084a0cc00}: org/springframework/beans/factory/AwareCustomizer> (0x0000000084a0cc00) 
thrown [s\open\src\hotspot\share\classfile\systemDictionary.cpp, line 255]
Event: 4.450 Thread 0x000001c68252b650 Exception <a 'java/lang/ClassNotFoundException'{0x0000000084a9bb38}: java/lang/ObjectCustomizer> (0x0000000084a9bb38) 
thrown [s\open\src\hotspot\share\classfile\systemDictionary.cpp, line 255]
Event: 4.451 Thread 0x000001c68252b650 Exception <a 'java/lang/ClassNotFoundException'{0x0000000084aa2ab0}: org/springframework/security/config/annotation/web/configuration/HttpSecurityConfigurationCustomizer> (0x0000000084aa2ab0) 
thrown [s\open\src\hotspot\share\classfile\systemDictionary.cpp, line 255]
Event: 4.475 Thread 0x000001c68252b650 Implicit null exception at 0x000001c6931f5946 to 0x000001c6931f5a0f
Event: 4.624 Thread 0x000001c68252b650 Exception <a 'java/lang/NoSuchMethodError'{0x000000008417dcc8}: 'java.lang.Object java.lang.invoke.DirectMethodHandle$Holder.invokeSpecial(java.lang.Object, java.lang.Object, int, java.lang.Object, int, java.lang.Object)'> (0x000000008417dcc8) 
thrown [s\open\src\hotspot\share\interpreter\linkResolver.cpp, line 766]
Event: 4.624 Thread 0x000001c68252b650 Exception <a 'java/lang/NoSuchMethodError'{0x0000000084185ac0}: 'java.lang.Object java.lang.invoke.DirectMethodHandle$Holder.newInvokeSpecial(java.lang.Object, java.lang.Object, int, java.lang.Object, int)'> (0x0000000084185ac0) 
thrown [s\open\src\hotspot\share\interpreter\linkResolver.cpp, line 766]
Event: 4.624 Thread 0x000001c68252b650 Exception <a 'java/lang/NoSuchMethodError'{0x0000000084189bc8}: 'java.lang.Object java.lang.invoke.DirectMethodHandle$Holder.invokeSpecial(java.lang.Object, java.lang.Object, java.lang.Object, int, java.lang.Object, int)'> (0x0000000084189bc8) 
thrown [s\open\src\hotspot\share\interpreter\linkResolver.cpp, line 766]
Event: 13.057 Thread 0x000001c6a9033290 Exception <a 'sun/nio/fs/WindowsException'{0x000000008693ac18}> (0x000000008693ac18) 
thrown [s\open\src\hotspot\share\prims\jni.cpp, line 516]
Event: 13.057 Thread 0x000001c6a9033290 Exception <a 'sun/nio/fs/WindowsException'{0x000000008693ae48}> (0x000000008693ae48) 
thrown [s\open\src\hotspot\share\prims\jni.cpp, line 516]

VM Operations (20 events):
Event: 4.163 Executing VM operation: G1CollectForAllocation
Event: 4.168 Executing VM operation: G1CollectForAllocation done
Event: 4.206 Executing VM operation: HandshakeAllThreads
Event: 4.207 Executing VM operation: HandshakeAllThreads done
Event: 4.308 Executing VM operation: HandshakeAllThreads
Event: 4.308 Executing VM operation: HandshakeAllThreads done
Event: 4.332 Executing VM operation: HandshakeAllThreads
Event: 4.332 Executing VM operation: HandshakeAllThreads done
Event: 4.434 Executing VM operation: HandshakeAllThreads
Event: 4.434 Executing VM operation: HandshakeAllThreads done
Event: 4.473 Executing VM operation: HandshakeAllThreads
Event: 4.473 Executing VM operation: HandshakeAllThreads done
Event: 4.673 Executing VM operation: G1CollectForAllocation
Event: 4.680 Executing VM operation: G1CollectForAllocation done
Event: 13.021 Executing VM operation: HandshakeAllThreads
Event: 13.021 Executing VM operation: HandshakeAllThreads done
Event: 13.021 Executing VM operation: Cleanup
Event: 13.021 Executing VM operation: Cleanup done
Event: 13.064 Executing VM operation: HandshakeAllThreads
Event: 13.064 Executing VM operation: HandshakeAllThreads done

Events (20 events):
Event: 3.242 Thread 0x000001c6a90345d0 Thread added: 0x000001c6a90345d0
Event: 3.245 Thread 0x000001c6a9032dc0 Thread added: 0x000001c6a9032dc0
Event: 3.281 Thread 0x000001c6a9034100 Thread added: 0x000001c6a9034100
Event: 4.633 Thread 0x000001c6a9033290 Thread added: 0x000001c6a9033290
Event: 4.633 Thread 0x000001c6a9035440 Thread added: 0x000001c6a9035440
Event: 4.633 Thread 0x000001c6a9035910 Thread added: 0x000001c6a9035910
Event: 4.633 Thread 0x000001c6a90362b0 Thread added: 0x000001c6a90362b0
Event: 4.633 Thread 0x000001c6a9034aa0 Thread added: 0x000001c6a9034aa0
Event: 4.633 Thread 0x000001c6a9033760 Thread added: 0x000001c6a9033760
Event: 4.633 Thread 0x000001c6a9c817a0 Thread added: 0x000001c6a9c817a0
Event: 4.633 Thread 0x000001c6a9c86e40 Thread added: 0x000001c6a9c86e40
Event: 4.633 Thread 0x000001c6a9c82140 Thread added: 0x000001c6a9c82140
Event: 4.633 Thread 0x000001c6a9c85160 Thread added: 0x000001c6a9c85160
Event: 4.650 Thread 0x000001c6a9c83950 Thread added: 0x000001c6a9c83950
Event: 4.651 Thread 0x000001c6a9c85630 Thread added: 0x000001c6a9c85630
Event: 4.667 Thread 0x000001c68252b650 Thread exited: 0x000001c68252b650
Event: 4.667 Thread 0x000001c6a9c86970 Thread added: 0x000001c6a9c86970
Event: 8.293 Thread 0x000001c6a9034100 Thread exited: 0x000001c6a9034100
Event: 9.886 Thread 0x000001c6a658c9c0 Thread exited: 0x000001c6a658c9c0
Event: 13.127 Thread 0x000001c6a96d1ca0 Thread added: 0x000001c6a96d1ca0


Dynamic libraries:
0x00007ff61b810000 - 0x00007ff61b820000 	D:\programs\jdk-18.0.1.1\bin\java.exe
0x00007ffb7e5b0000 - 0x00007ffb7e7a8000 	C:\WINDOWS\SYSTEM32\ntdll.dll
0x00007ffb7cb20000 - 0x00007ffb7cbdd000 	C:\WINDOWS\System32\KERNEL32.DLL
0x00007ffb7c000000 - 0x00007ffb7c2ce000 	C:\WINDOWS\System32\KERNELBASE.dll
0x00007ffb7c2d0000 - 0x00007ffb7c3d0000 	C:\WINDOWS\System32\ucrtbase.dll
0x00007ffb77740000 - 0x00007ffb77758000 	D:\programs\jdk-18.0.1.1\bin\jli.dll
0x00007ffb77760000 - 0x00007ffb7777a000 	D:\programs\jdk-18.0.1.1\bin\VCRUNTIME140.dll
0x00007ffb7de00000 - 0x00007ffb7deae000 	C:\WINDOWS\System32\ADVAPI32.dll
0x00007ffb7cd00000 - 0x00007ffb7cd9e000 	C:\WINDOWS\System32\msvcrt.dll
0x00007ffb7d960000 - 0x00007ffb7d9fc000 	C:\WINDOWS\System32\sechost.dll
0x00007ffb7db30000 - 0x00007ffb7dc55000 	C:\WINDOWS\System32\RPCRT4.dll
0x00007ffb7dc60000 - 0x00007ffb7de00000 	C:\WINDOWS\System32\USER32.dll
0x00007ffb7bfd0000 - 0x00007ffb7bff2000 	C:\WINDOWS\System32\win32u.dll
0x00007ffb7d930000 - 0x00007ffb7d95a000 	C:\WINDOWS\System32\GDI32.dll
0x00007ffb7c500000 - 0x00007ffb7c60b000 	C:\WINDOWS\System32\gdi32full.dll
0x00007ffb7c460000 - 0x00007ffb7c4fd000 	C:\WINDOWS\System32\msvcp_win.dll
0x00007ffb6d020000 - 0x00007ffb6d2ba000 	C:\WINDOWS\WinSxS\amd64_microsoft.windows.common-controls_6595b64144ccf1df_6.0.19041.1110_none_60b5254171f9507e\COMCTL32.dll
0x00007ffb72340000 - 0x00007ffb7234a000 	C:\WINDOWS\SYSTEM32\VERSION.dll
0x00007ffb7d760000 - 0x00007ffb7d790000 	C:\WINDOWS\System32\IMM32.DLL
0x00007ffb779b0000 - 0x00007ffb779bc000 	D:\programs\jdk-18.0.1.1\bin\vcruntime140_1.dll
0x00007ffb73fd0000 - 0x00007ffb7405d000 	D:\programs\jdk-18.0.1.1\bin\msvcp140.dll
0x00007ffb19280000 - 0x00007ffb19e90000 	D:\programs\jdk-18.0.1.1\bin\server\jvm.dll
0x00007ffb7ce70000 - 0x00007ffb7ce78000 	C:\WINDOWS\System32\PSAPI.DLL
0x00007ffb6d470000 - 0x00007ffb6d497000 	C:\WINDOWS\SYSTEM32\WINMM.dll
0x00007ffb681b0000 - 0x00007ffb681b9000 	C:\WINDOWS\SYSTEM32\WSOCK32.dll
0x00007ffb7ce80000 - 0x00007ffb7ceeb000 	C:\WINDOWS\System32\WS2_32.dll
0x00007ffb79bc0000 - 0x00007ffb79bd2000 	C:\WINDOWS\SYSTEM32\kernel.appcore.dll
0x00007ffb77730000 - 0x00007ffb7773a000 	D:\programs\jdk-18.0.1.1\bin\jimage.dll
0x00007ffb6a030000 - 0x00007ffb6a214000 	C:\WINDOWS\SYSTEM32\DBGHELP.DLL
0x00007ffb69e90000 - 0x00007ffb69ebc000 	C:\WINDOWS\SYSTEM32\dbgcore.DLL
0x00007ffb7c3d0000 - 0x00007ffb7c452000 	C:\WINDOWS\System32\bcryptPrimitives.dll
0x00007ffb76b00000 - 0x00007ffb76b0e000 	D:\programs\jdk-18.0.1.1\bin\instrument.dll
0x00007ffb75f70000 - 0x00007ffb75f95000 	D:\programs\jdk-18.0.1.1\bin\java.dll
0x00007ffb5a030000 - 0x00007ffb5a106000 	D:\programs\jdk-18.0.1.1\bin\jsvml.dll
0x00007ffb7cef0000 - 0x00007ffb7d633000 	C:\WINDOWS\System32\SHELL32.dll
0x00007ffb79dc0000 - 0x00007ffb7a555000 	C:\WINDOWS\SYSTEM32\windows.storage.dll
0x00007ffb7c7c0000 - 0x00007ffb7cb14000 	C:\WINDOWS\System32\combase.dll
0x00007ffb7b730000 - 0x00007ffb7b760000 	C:\WINDOWS\SYSTEM32\Wldp.dll
0x00007ffb7d790000 - 0x00007ffb7d83d000 	C:\WINDOWS\System32\SHCORE.dll
0x00007ffb7dec0000 - 0x00007ffb7df15000 	C:\WINDOWS\System32\shlwapi.dll
0x00007ffb7bc10000 - 0x00007ffb7bc2f000 	C:\WINDOWS\SYSTEM32\profapi.dll
0x00007ffb75f10000 - 0x00007ffb75f28000 	D:\programs\jdk-18.0.1.1\bin\zip.dll
0x00007ffb76410000 - 0x00007ffb76423000 	D:\programs\jdk-18.0.1.1\bin\net.dll
0x00007ffb6c1b0000 - 0x00007ffb6c2ba000 	C:\WINDOWS\SYSTEM32\WINHTTP.dll
0x00007ffb7b490000 - 0x00007ffb7b4fa000 	C:\WINDOWS\system32\mswsock.dll
0x00007ffb75f50000 - 0x00007ffb75f66000 	D:\programs\jdk-18.0.1.1\bin\nio.dll
0x00007ffb744d0000 - 0x00007ffb744ea000 	D:\Intellij IDEA\IntelliJ IDEA Community Edition 2022.1.1\bin\breakgen64.dll
0x00007ffb77720000 - 0x00007ffb77730000 	D:\programs\jdk-18.0.1.1\bin\verify.dll
0x00007ffb763c0000 - 0x00007ffb763c9000 	D:\programs\jdk-18.0.1.1\bin\management.dll
0x00007ffb762a0000 - 0x00007ffb762ab000 	D:\programs\jdk-18.0.1.1\bin\management_ext.dll
0x00007ffb66ac0000 - 0x00007ffb66ad7000 	C:\WINDOWS\system32\napinsp.dll
0x00007ffb669f0000 - 0x00007ffb66a0b000 	C:\WINDOWS\system32\pnrpnsp.dll
0x00007ffb76ae0000 - 0x00007ffb76af5000 	C:\WINDOWS\system32\wshbth.dll
0x00007ffb77700000 - 0x00007ffb7771d000 	C:\WINDOWS\system32\NLAapi.dll
0x00007ffb7b130000 - 0x00007ffb7b16b000 	C:\WINDOWS\SYSTEM32\IPHLPAPI.DLL
0x00007ffb7b180000 - 0x00007ffb7b24a000 	C:\WINDOWS\SYSTEM32\DNSAPI.dll
0x00007ffb7d750000 - 0x00007ffb7d758000 	C:\WINDOWS\System32\NSI.dll
0x00007ffb669c0000 - 0x00007ffb669d2000 	C:\WINDOWS\System32\winrnr.dll
0x00007ffb74ad0000 - 0x00007ffb74ada000 	C:\Windows\System32\rasadhlp.dll
0x00007ffb6ca70000 - 0x00007ffb6caf0000 	C:\WINDOWS\System32\fwpuclnt.dll
0x00007ffb7bee0000 - 0x00007ffb7bf07000 	C:\WINDOWS\System32\bcrypt.dll
0x00007ffb7b690000 - 0x00007ffb7b6a8000 	C:\WINDOWS\SYSTEM32\CRYPTSP.dll
0x00007ffb7ada0000 - 0x00007ffb7add4000 	C:\WINDOWS\system32\rsaenh.dll
0x00007ffb7bbd0000 - 0x00007ffb7bbfe000 	C:\WINDOWS\SYSTEM32\USERENV.dll
0x00007ffb7b680000 - 0x00007ffb7b68c000 	C:\WINDOWS\SYSTEM32\CRYPTBASE.dll
0x00007ffb72190000 - 0x00007ffb721a7000 	C:\WINDOWS\SYSTEM32\dhcpcsvc6.DLL
0x00007ffb72350000 - 0x00007ffb7236d000 	C:\WINDOWS\SYSTEM32\dhcpcsvc.DLL
0x00007ffb74550000 - 0x00007ffb7455e000 	D:\programs\jdk-18.0.1.1\bin\sunmscapi.dll
0x00007ffb7bcd0000 - 0x00007ffb7be26000 	C:\WINDOWS\System32\CRYPT32.dll
0x00007ffb7b7a0000 - 0x00007ffb7b7c7000 	C:\WINDOWS\SYSTEM32\ncrypt.dll
0x00007ffb7b760000 - 0x00007ffb7b79b000 	C:\WINDOWS\SYSTEM32\NTASN1.dll

dbghelp: loaded successfully - version: 4.0.5 - missing functions: none
symbol engine: initialized successfully - sym options: 0x614 - pdb path: .;D:\programs\jdk-18.0.1.1\bin;C:\WINDOWS\SYSTEM32;C:\WINDOWS\WinSxS\amd64_microsoft.windows.common-controls_6595b64144ccf1df_6.0.19041.1110_none_60b5254171f9507e;D:\programs\jdk-18.0.1.1\bin\server;D:\Intellij IDEA\IntelliJ IDEA Community Edition 2022.1.1\bin

VM Arguments:
jvm_args: -javaagent:D:\Intellij IDEA\IntelliJ IDEA Community Edition 2022.1.1\lib\idea_rt.jar=59490:D:\Intellij IDEA\IntelliJ IDEA Community Edition 2022.1.1\bin -Dfile.encoding=UTF-8 
java_command: com.devsuperior.dsmeta.DsmetaApplication
java_class_path (initial): D:\Estudo\devSuperior\dsmeta\backend\target\classes;C:\Users\kaiot\.m2\repository\org\springframework\boot\spring-boot-starter-data-jpa\2.7.4\spring-boot-starter-data-jpa-2.7.4.jar;C:\Users\kaiot\.m2\repository\org\springframework\boot\spring-boot-starter-aop\2.7.4\spring-boot-starter-aop-2.7.4.jar;C:\Users\kaiot\.m2\repository\org\aspectj\aspectjweaver\1.9.7\aspectjweaver-1.9.7.jar;C:\Users\kaiot\.m2\repository\org\springframework\boot\spring-boot-starter-jdbc\2.7.4\spring-boot-starter-jdbc-2.7.4.jar;C:\Users\kaiot\.m2\repository\com\zaxxer\HikariCP\4.0.3\HikariCP-4.0.3.jar;C:\Users\kaiot\.m2\repository\org\springframework\spring-jdbc\5.3.23\spring-jdbc-5.3.23.jar;C:\Users\kaiot\.m2\repository\jakarta\transaction\jakarta.transaction-api\1.3.3\jakarta.transaction-api-1.3.3.jar;C:\Users\kaiot\.m2\repository\jakarta\persistence\jakarta.persistence-api\2.2.3\jakarta.persistence-api-2.2.3.jar;C:\Users\kaiot\.m2\repository\org\hibernate\hibernate-core\5.6.11.Final\hibernate-core-5.6.11.Final.jar;C:\Users\kaiot\.m2\repository\org\jboss\logging\jboss-logging\3.4.3.Final\jboss-logging-3.4.3.Final.jar;C:\Users\kaiot\.m2\repository\net\bytebuddy\byte-buddy\1.12.17\byte-buddy-1.12.17.jar;C:\Users\kaiot\.m2\repository\antlr\antlr\2.7.7\antlr-2.7.7.jar;C:\Users\kaiot\.m2\repository\org\jboss\jandex\2.4.2.Final\jandex-2.4.2.Final.jar;C:\Users\kaiot\.m2\repository\com\fasterxml\classmate\1.5.1\classmate-1.5.1.jar;C:\Users\kaiot\.m2\repository\org\hibernate\common\hibernate-commons-annotations\5.1.2.Final\hibernate-commons-annotations-5.1.2.Final.jar;C:\Users\kaiot\.m2\repository\org\glassfish\jaxb\jaxb-runtime\2.3.6\jaxb-runtime-2.3.6.jar;C:\Users\kaiot\.m2\repository\org\glassfish\jaxb\txw2\2.3.6\txw2-2.3.6.jar;C:\Users\kaiot\.m2\repository\com\sun\istack\istack-commons-runtime\3.0.12\istack-commons-runtime-3.0.12.jar;C:\Users\kaiot\.m2\repository\com\sun\activation\jakarta.activation\1.2.2\jakarta.activation-1.2.2.jar;C:\Users\kaiot\.m2\repository\org\springframework\data\spring-data-jpa\2.7.3\spring-data-jpa-2.7.3.jar;C:\Users\kaiot\.m2\repository\org\springframework\data\spring-data-commons\2.7.3\spring-data-commons-2.7.3.jar;C:\Users\kaiot\.m2\repository\org\springframework\spring-orm\5.3.23\spring-orm-5.3.23.jar;C:\Users\kaiot\.m2\repository\org\springframework\spring-context\5.3.23\spring-context-5.3.23.jar;C:\Users\kaiot\.m2\repository\org\springframework\spring-tx\5.3.23\spring-tx-5.3.23.jar;C:\Users\kaiot\.m2\repository\org\springframework\spring-beans\5.3.23\spring-beans-5.3.23.jar;C:\Users\kaiot\.m2\repository\org\slf4j\slf4j-api\1.7.36\slf4j-api-1.7.36.jar;C:\Users\kaiot\.m2\repository\org\springframework\spring-aspects\5.3.23\spring-aspects-5.3.23.jar;C:\Users\kaiot\.m2\repository\org\springframework\boot\spring-boot-starter-security\2.7.4\spring-boot-starter-security-2.7.4.jar;C:\Users\kaiot\.m2\repository\org\springframework\boot\spring-boot-starter\2.7.4\spring-boot-starter-2.7.4.jar;C:\Users\kaiot\.m2\repository\org\springframework\boot\spring-boot\2.7.4\spring-boot-2.7.4.jar;C:\Users\kaiot\.m2\repository\org\springframework\boot\spring-boot-autoconfigure\2.7.4\spring-boot-autoconfigure-2.7.4.jar;C:\Users\kaiot\.m2\repository\org\springframework\boot\spring-boot-starter-logging\2.7.4\spring-boot-starter-logging-2.7.4.jar;C:\Users\kaiot\.m2\repository\ch\qos\logback\logback-classic\1.2.11\logback-classic-1.2.11.jar;C:\Users\kaiot\.m2\repository\ch\qos\logback\logback-core\1.2.11\logback-core-1.2.11.jar;C:\Users\kaiot\.m2\repository\org\apache\logging\log4j\log4j-to-slf4j\2.17.2\log4j-to-slf4j-2.17.2.jar;C:\Users\kaiot\.m2\repository\org\apache\logging\log4j\log4j-api\2.17.2\log4j-api-2.17.2.jar;C:\Users\kaiot\.m2\repository\org\slf4j\jul-to-slf4j\1.7.36\jul-to-slf4j-1.7.36.jar;C:\Users\kaiot\.m2\repository\jakarta\annotation\jakarta.annotation-api\1.3.5\jakarta.annotation-api-1.3.5.jar;C:\Users\kaiot\.m2\repository\org\yaml\snakeyaml\1.30\snakeyaml-1.30.jar;C:\Users\kaiot\.m2\repository\org\springframework\spring-aop\5.3.23\spring-aop-5.3.23.jar;C:\Users\kaiot\.m2\repository\org\springframework\security\spring-security-config\5.7.3\spring-security-config-5.7.3.jar;C:\Users\kaiot\.m2\repository\org\springframework\security\spring-security-core\5.7.3\spring-security-core-5.7.3.jar;C:\Users\kaiot\.m2\repository\org\springframework\security\spring-security-crypto\5.7.3\spring-security-crypto-5.7.3.jar;C:\Users\kaiot\.m2\repository\org\springframework\security\spring-security-web\5.7.3\spring-security-web-5.7.3.jar;C:\Users\kaiot\.m2\repository\org\springframework\spring-expression\5.3.23\spring-expression-5.3.23.jar;C:\Users\kaiot\.m2\repository\org\springframework\boot\spring-boot-starter-web\2.7.4\spring-boot-starter-web-2.7.4.jar;C:\Users\kaiot\.m2\repository\org\springframework\boot\spring-boot-starter-json\2.7.4\spring-boot-starter-json-2.7.4.jar;C:\Users\kaiot\.m2\repository\com\fasterxml\jackson\core\jackson-databind\2.13.4\jackson-databind-2.13.4.jar;C:\Users\kaiot\.m2\repository\com\fasterxml\jackson\core\jackson-annotations\2.13.4\jackson-annotations-2.13.4.jar;C:\Users\kaiot\.m2\repository\com\fasterxml\jackson\core\jackson-core\2.13.4\jackson-core-2.13.4.jar;C:\Users\kaiot\.m2\repository\com\fasterxml\jackson\datatype\jackson-datatype-jdk8\2.13.4\jackson-datatype-jdk8-2.13.4.jar;C:\Users\kaiot\.m2\repository\com\fasterxml\jackson\datatype\jackson-datatype-jsr310\2.13.4\jackson-datatype-jsr310-2.13.4.jar;C:\Users\kaiot\.m2\repository\com\fasterxml\jackson\module\jackson-module-parameter-names\2.13.4\jackson-module-parameter-names-2.13.4.jar;C:\Users\kaiot\.m2\repository\org\springframework\boot\spring-boot-starter-tomcat\2.7.4\spring-boot-starter-tomcat-2.7.4.jar;C:\Users\kaiot\.m2\repository\org\apache\tomcat\embed\tomcat-embed-core\9.0.65\tomcat-embed-core-9.0.65.jar;C:\Users\kaiot\.m2\repository\org\apache\tomcat\embed\tomcat-embed-el\9.0.65\tomcat-embed-el-9.0.65.jar;C:\Users\kaiot\.m2\repository\org\apache\tomcat\embed\tomcat-embed-websocket\9.0.65\tomcat-embed-websocket-9.0.65.jar;C:\Users\kaiot\.m2\repository\org\springframework\spring-web\5.3.23\spring-web-5.3.23.jar;C:\Users\kaiot\.m2\repository\org\springframework\spring-webmvc\5.3.23\spring-webmvc-5.3.23.jar;C:\Users\kaiot\.m2\repository\com\h2database\h2\2.1.214\h2-2.1.214.jar;C:\Users\kaiot\.m2\repository\jakarta\xml\bind\jakarta.xml.bind-api\2.3.3\jakarta.xml.bind-api-2.3.3.jar;C:\Users\kaiot\.m2\repository\jakarta\activation\jakarta.activation-api\1.2.2\jakarta.activation-api-1.2.2.jar;C:\Users\kaiot\.m2\repository\org\springframework\spring-core\5.3.23\spring-core-5.3.23.jar;C:\Users\kaiot\.m2\repository\org\springframework\spring-jcl\5.3.23\spring-jcl-5.3.23.jar
Launcher Type: SUN_STANDARD

[Global flags]
     intx CICompilerCount                          = 3                                         {product} {ergonomic}
     uint ConcGCThreads                            = 1                                         {product} {ergonomic}
     uint G1ConcRefinementThreads                  = 4                                         {product} {ergonomic}
   size_t G1HeapRegionSize                         = 1048576                                   {product} {ergonomic}
    uintx GCDrainStackTargetSize                   = 64                                        {product} {ergonomic}
   size_t InitialHeapSize                          = 132120576                                 {product} {ergonomic}
   size_t MarkStackSize                            = 4194304                                   {product} {ergonomic}
   size_t MaxHeapSize                              = 2113929216                                {product} {ergonomic}
   size_t MaxNewSize                               = 1267728384                                {product} {ergonomic}
   size_t MinHeapDeltaBytes                        = 1048576                                   {product} {ergonomic}
   size_t MinHeapSize                              = 8388608                                   {product} {ergonomic}
    uintx NonNMethodCodeHeapSize                   = 5832780                                {pd product} {ergonomic}
    uintx NonProfiledCodeHeapSize                  = 122912730                              {pd product} {ergonomic}
    uintx ProfiledCodeHeapSize                     = 122912730                              {pd product} {ergonomic}
    uintx ReservedCodeCacheSize                    = 251658240                              {pd product} {ergonomic}
     bool SegmentedCodeCache                       = true                                      {product} {ergonomic}
   size_t SoftMaxHeapSize                          = 2113929216                             {manageable} {ergonomic}
     bool UseCompressedClassPointers               = true                           {product lp64_product} {ergonomic}
     bool UseCompressedOops                        = true                           {product lp64_product} {ergonomic}
     bool UseG1GC                                  = true                                      {product} {ergonomic}
     bool UseLargePagesIndividualAllocation        = false                                  {pd product} {ergonomic}

Logging:
Log output configuration:
 #0: stdout all=warning uptime,level,tags foldmultilines=false
 #1: stderr all=off uptime,level,tags foldmultilines=false

Environment Variables:
JAVA_HOME=C:\Program Files\Java\zulu17.30.15-ca-jdk17.0.1-win_x64
PATH=C:\Program Files\Common Files\Oracle\Java\javapath;C:\Program Files\Java\zulu17.30.15-ca-jdk17.0.1-win_x64\bin;C:\WINDOWS\system32;C:\WINDOWS;C:\WINDOWS\System32\Wbem;C:\WINDOWS\System32\WindowsPowerShell\v1.0\;C:\WINDOWS\System32\OpenSSH\;C:\Program Files\Microsoft SQL Server\Client SDK\ODBC\170\Tools\Binn\;C:\Program Files (x86)\Microsoft SQL Server\150\Tools\Binn\;C:\Program Files\Microsoft SQL Server\150\Tools\Binn\;C:\Program Files\Microsoft SQL Server\150\DTS\Binn\;C:\Program Files (x86)\Microsoft SQL Server\150\DTS\Binn\;C:\Program Files\Azure Data Studio\bin;C:\Program Files\dotnet\;D:\programs\git\Git\cmd;C:\Users\kaiot\AppData\Roaming\nvm;C:\Program Files\nodejs;C:\Users\kaiot\AppData\Local\Microsoft\WindowsApps;D:\programs\visual studio code\Microsoft VS Code\bin;C:\Users\kaiot\.dotnet\tools;C:\Program Files\Azure Data Studio\bin;C:\Users\kaiot\AppData\Roaming\npm;C:\Program Files\JetBrains\IntelliJ IDEA Community Edition 2021.2\bin;;C:\Program Files\MongoDB\Server\5.0\bin;D:\programs\src\flutter\bin;C:\Users\kaiot\AppData\Roaming\nvm;C:\Program Files\nodejs;D:\programs\heroku\bin
USERNAME=kaiot
OS=Windows_NT
PROCESSOR_IDENTIFIER=Intel64 Family 6 Model 158 Stepping 9, GenuineIntel



---------------  S Y S T E M  ---------------

OS:
 Windows 10 , 64 bit Build 19041 (10.0.19041.1889)
OS uptime: 0 days 3:02 hours

CPU: total 4 (initial active 4) (4 cores per cpu, 1 threads per core) family 6 model 158 stepping 9 microcode 0xb4, cx8, cmov, fxsr, mmx, 3dnowpref, sse, sse2, sse3, ssse3, sse4.1, sse4.2, popcnt, lzcnt, tsc, tscinvbit, avx, avx2, aes, erms, clmul, bmi1, bmi2, adx, fma, vzeroupper, clflush, clflushopt

Memory: 4k page, system-wide physical 8060M (926M free)
TotalPageFile size 10108M (AvailPageFile size 25M)
current process WorkingSet (physical memory assigned to process): 203M, peak: 216M
current process commit charge ("private bytes"): 233M, peak: 257M

vm_info: Java HotSpot(TM) 64-Bit Server VM (18.0.1.1+2-6) for windows-amd64 JRE (18.0.1.1+2-6), built on Apr 25 2022 21:53:15 by "mach5one" with MS VC++ 16.8 / 16.9 (VS2019)

END.
