#
# There is insufficient memory for the Java Runtime Environment to continue.
# Native memory allocation (malloc) failed to allocate 523088 bytes for Chunk::new
# Possible reasons:
#   The system is out of physical RAM or swap space
#   The process is running with CompressedOops enabled, and the Java Heap may be blocking the growth of the native heap
# Possible solutions:
#   Reduce memory load on the system
#   Increase physical memory or swap space
#   Check if swap backing store is full
#   Decrease Java heap size (-Xmx/-Xms)
#   Decrease number of Java threads
#   Decrease Java thread stack sizes (-Xss)
#   Set larger code cache with -XX:ReservedCodeCacheSize=
#   JVM is running with Unscaled Compressed Oops mode in which the Java heap is
#     placed in the first 4GB address space. The Java Heap base address is the
#     maximum limit for the native heap growth. Please use -XX:HeapBaseMinAddress
#     to set the Java Heap base and to place the Java Heap above 4GB virtual address.
# This output file may be truncated or incomplete.
#
#  Out of Memory Error (arena.cpp:184), pid=9604, tid=6420
#
# JRE version: Java(TM) SE Runtime Environment (18.0.1.1+2) (build 18.0.1.1+2-6)
# Java VM: Java HotSpot(TM) 64-Bit Server VM (18.0.1.1+2-6, mixed mode, sharing, tiered, compressed oops, compressed class ptrs, g1 gc, windows-amd64)
# No core dump will be written. Minidumps are not enabled by default on client versions of Windows
#

---------------  S U M M A R Y ------------

Command Line: -javaagent:D:\Intellij IDEA\IntelliJ IDEA Community Edition 2022.1.1\lib\idea_rt.jar=54326:D:\Intellij IDEA\IntelliJ IDEA Community Edition 2022.1.1\bin -Dfile.encoding=UTF-8 com.devsuperior.dsmeta.DsmetaApplication

Host: Intel(R) Core(TM) i5-7300HQ CPU @ 2.50GHz, 4 cores, 7G,  Windows 10 , 64 bit Build 19041 (10.0.19041.1889)
Time: Mon Oct  3 11:53:18 2022 Hora oficial do Brasil elapsed time: 2.871038 seconds (0d 0h 0m 2s)

---------------  T H R E A D  ---------------

Current thread (0x000002666289e6a0):  JavaThread "C2 CompilerThread0" daemon [_thread_in_native, id=6420, stack(0x000000e25da00000,0x000000e25db00000)]


Current CompileTask:
C2:   2871 2698       4       org.springframework.beans.factory.support.AbstractBeanFactory::isTypeMatch (607 bytes)

Stack: [0x000000e25da00000,0x000000e25db00000]
Native frames: (J=compiled Java code, j=interpreted, Vv=VM code, C=native code)
V  [jvm.dll+0x69887a]
V  [jvm.dll+0x7f38bd]
V  [jvm.dll+0x7f51ce]
V  [jvm.dll+0x7f5883]
V  [jvm.dll+0x25ca3f]
V  [jvm.dll+0xb8c2f]
V  [jvm.dll+0xb8fa5]
V  [jvm.dll+0x385a6b]
V  [jvm.dll+0x1d27c2]
V  [jvm.dll+0x22fd79]
V  [jvm.dll+0x22eff1]
V  [jvm.dll+0x1b9cfc]
V  [jvm.dll+0x23e8ca]
V  [jvm.dll+0x23cbb5]
V  [jvm.dll+0x7a5fb1]
V  [jvm.dll+0x7a03ea]
V  [jvm.dll+0x697725]
C  [ucrtbase.dll+0x21bb2]
C  [KERNEL32.DLL+0x17034]
C  [ntdll.dll+0x526a1]


---------------  P R O C E S S  ---------------

Threads class SMR info:
_java_thread_list=0x00000266680aab10, length=14, elements={
0x00000266451f4b10, 0x000002666287e070, 0x0000026662882930, 0x00000266628932b0,
0x0000026662891100, 0x0000026662892910, 0x00000266628915d0, 0x000002666289e6a0,
0x0000026666c31470, 0x0000026666c8fd00, 0x0000026662894120, 0x00000266628945f0,
0x0000026662893780, 0x0000026667f56170
}

Java Threads: ( => current thread )
  0x00000266451f4b10 JavaThread "main" [_thread_in_vm, id=4744, stack(0x000000e25cd00000,0x000000e25ce00000)]
  0x000002666287e070 JavaThread "Reference Handler" daemon [_thread_blocked, id=2060, stack(0x000000e25d400000,0x000000e25d500000)]
  0x0000026662882930 JavaThread "Finalizer" daemon [_thread_blocked, id=8868, stack(0x000000e25d500000,0x000000e25d600000)]
  0x00000266628932b0 JavaThread "Signal Dispatcher" daemon [_thread_blocked, id=7312, stack(0x000000e25d600000,0x000000e25d700000)]
  0x0000026662891100 JavaThread "Attach Listener" daemon [_thread_blocked, id=2376, stack(0x000000e25d700000,0x000000e25d800000)]
  0x0000026662892910 JavaThread "Service Thread" daemon [_thread_blocked, id=5516, stack(0x000000e25d800000,0x000000e25d900000)]
  0x00000266628915d0 JavaThread "Monitor Deflation Thread" daemon [_thread_blocked, id=12180, stack(0x000000e25d900000,0x000000e25da00000)]
=>0x000002666289e6a0 JavaThread "C2 CompilerThread0" daemon [_thread_in_native, id=6420, stack(0x000000e25da00000,0x000000e25db00000)]
  0x0000026666c31470 JavaThread "C1 CompilerThread0" daemon [_thread_blocked, id=7844, stack(0x000000e25db00000,0x000000e25dc00000)]
  0x0000026666c8fd00 JavaThread "Sweeper thread" daemon [_thread_blocked, id=3204, stack(0x000000e25dc00000,0x000000e25dd00000)]
  0x0000026662894120 JavaThread "Common-Cleaner" daemon [_thread_blocked, id=3292, stack(0x000000e25dd00000,0x000000e25de00000)]
  0x00000266628945f0 JavaThread "Monitor Ctrl-Break" daemon [_thread_in_native, id=8532, stack(0x000000e25df00000,0x000000e25e000000)]
  0x0000026662893780 JavaThread "Notification Thread" daemon [_thread_blocked, id=8816, stack(0x000000e25e000000,0x000000e25e100000)]
  0x0000026667f56170 JavaThread "C2 CompilerThread1" daemon [_thread_in_native, id=10048, stack(0x000000e25de00000,0x000000e25df00000)]

Other Threads:
  0x0000026642f46850 VMThread "VM Thread" [stack: 0x000000e25d300000,0x000000e25d400000] [id=4304]
  0x0000026666f65c40 WatcherThread "VM Periodic Task Thread" [stack: 0x000000e25e100000,0x000000e25e200000] [id=5428]
  0x00000266452526f0 WorkerThread "GC Thread#0" [stack: 0x000000e25ce00000,0x000000e25cf00000] [id=9360]
  0x00000266673bfb70 WorkerThread "GC Thread#1" [stack: 0x000000e25e200000,0x000000e25e300000] [id=5268]
  0x00000266673c0350 WorkerThread "GC Thread#2" [stack: 0x000000e25e300000,0x000000e25e400000] [id=1512]
  0x00000266673bfe10 WorkerThread "GC Thread#3" [stack: 0x000000e25e400000,0x000000e25e500000] [id=5328]
  0x0000026645262fd0 ConcurrentGCThread "G1 Main Marker" [stack: 0x000000e25cf00000,0x000000e25d000000] [id=1016]
  0x00000266452656c0 WorkerThread "G1 Conc#0" [stack: 0x000000e25d000000,0x000000e25d100000] [id=11456]
  0x000002666272b0f0 ConcurrentGCThread "G1 Refine#0" [stack: 0x000000e25d100000,0x000000e25d200000] [id=10544]
  0x00000266674c5600 ConcurrentGCThread "G1 Refine#1" [stack: 0x000000e25e500000,0x000000e25e600000] [id=5772]
  0x000002666272b7b0 ConcurrentGCThread "G1 Service" [stack: 0x000000e25d200000,0x000000e25d300000] [id=11912]

Threads with active compile tasks:
C2 CompilerThread0     2953 2698       4       org.springframework.beans.factory.support.AbstractBeanFactory::isTypeMatch (607 bytes)
C2 CompilerThread1     2953 2642   !   4       jdk.internal.loader.BuiltinClassLoader::loadClassOrNull (143 bytes)

VM state: not at safepoint (normal execution)

VM Mutex/Monitor currently owned by a thread: None

Heap address: 0x0000000082000000, size: 2016 MB, Compressed Oops mode: 32-bit

CDS archive(s) mapped at: [0x0000000800000000-0x0000000800ba0000-0x0000000800ba0000), size 12189696, SharedBaseAddress: 0x0000000800000000, ArchiveRelocationMode: 0.
Compressed class space mapped at: 0x0000000800c00000-0x0000000840c00000, reserved size: 1073741824
Narrow klass base: 0x0000000800000000, Narrow klass shift: 0, Narrow klass range: 0x100000000

GC Precious Log:
 CardTable entry size: 512
 Card Set container configuration: InlinePtr #cards 5 size 8 Array Of Cards #cards 12 size 40 Howl #buckets 4 coarsen threshold 1843 Howl Bitmap #cards 512 size 80 coarsen threshold 460 Card regions per heap region 1 cards per card region 2048
 CPUs: 4 total, 4 available
 Memory: 8060M
 Large Page Support: Disabled
 NUMA Support: Disabled
 Compressed Oops: Enabled (32-bit)
 Heap Region Size: 1M
 Heap Min Capacity: 8M
 Heap Initial Capacity: 126M
 Heap Max Capacity: 2016M
 Pre-touch: Disabled
 Parallel Workers: 4
 Concurrent Workers: 1
 Concurrent Refinement Workers: 4
 Periodic GC: Disabled

Heap:
 garbage-first heap   total 129024K, used 56695K [0x0000000082000000, 0x0000000100000000)
  region size 1024K, 51 young (52224K), 3 survivors (3072K)
 Metaspace       used 20135K, committed 20352K, reserved 1114112K
  class space    used 2407K, committed 2496K, reserved 1048576K

Heap Regions: E=young(eden), S=young(survivor), O=old, HS=humongous(starts), HC=humongous(continues), CS=collection set, F=free, OA=open archive, CA=closed archive, TAMS=top-at-mark-start (previous, next)
|   0|0x0000000082000000, 0x0000000082100000, 0x0000000082100000|100%|HS|  |TAMS 0x0000000082000000, 0x0000000082000000| Complete 
|   1|0x0000000082100000, 0x0000000082200000, 0x0000000082200000|100%| O|  |TAMS 0x0000000082100000, 0x0000000082100000| Untracked 
|   2|0x0000000082200000, 0x0000000082300000, 0x0000000082300000|100%| O|  |TAMS 0x0000000082200000, 0x0000000082200000| Untracked 
|   3|0x0000000082300000, 0x0000000082400000, 0x0000000082400000|100%| O|  |TAMS 0x0000000082300000, 0x0000000082300000| Untracked 
|   4|0x0000000082400000, 0x0000000082500000, 0x0000000082500000|100%| O|  |TAMS 0x0000000082400000, 0x0000000082400000| Untracked 
|   5|0x0000000082500000, 0x0000000082600000, 0x0000000082600000|100%| O|  |TAMS 0x0000000082500000, 0x0000000082500000| Untracked 
|   6|0x0000000082600000, 0x00000000826b8e00, 0x0000000082700000| 72%| O|  |TAMS 0x0000000082600000, 0x0000000082600000| Untracked 
|   7|0x0000000082700000, 0x0000000082700000, 0x0000000082800000|  0%| F|  |TAMS 0x0000000082700000, 0x0000000082700000| Untracked 
|   8|0x0000000082800000, 0x0000000082800000, 0x0000000082900000|  0%| F|  |TAMS 0x0000000082800000, 0x0000000082800000| Untracked 
|   9|0x0000000082900000, 0x0000000082900000, 0x0000000082a00000|  0%| F|  |TAMS 0x0000000082900000, 0x0000000082900000| Untracked 
|  10|0x0000000082a00000, 0x0000000082a00000, 0x0000000082b00000|  0%| F|  |TAMS 0x0000000082a00000, 0x0000000082a00000| Untracked 
|  11|0x0000000082b00000, 0x0000000082b00000, 0x0000000082c00000|  0%| F|  |TAMS 0x0000000082b00000, 0x0000000082b00000| Untracked 
|  12|0x0000000082c00000, 0x0000000082c00000, 0x0000000082d00000|  0%| F|  |TAMS 0x0000000082c00000, 0x0000000082c00000| Untracked 
|  13|0x0000000082d00000, 0x0000000082d00000, 0x0000000082e00000|  0%| F|  |TAMS 0x0000000082d00000, 0x0000000082d00000| Untracked 
|  14|0x0000000082e00000, 0x0000000082e00000, 0x0000000082f00000|  0%| F|  |TAMS 0x0000000082e00000, 0x0000000082e00000| Untracked 
|  15|0x0000000082f00000, 0x0000000082f00000, 0x0000000083000000|  0%| F|  |TAMS 0x0000000082f00000, 0x0000000082f00000| Untracked 
|  16|0x0000000083000000, 0x0000000083000000, 0x0000000083100000|  0%| F|  |TAMS 0x0000000083000000, 0x0000000083000000| Untracked 
|  17|0x0000000083100000, 0x0000000083100000, 0x0000000083200000|  0%| F|  |TAMS 0x0000000083100000, 0x0000000083100000| Untracked 
|  18|0x0000000083200000, 0x0000000083200000, 0x0000000083300000|  0%| F|  |TAMS 0x0000000083200000, 0x0000000083200000| Untracked 
|  19|0x0000000083300000, 0x0000000083300000, 0x0000000083400000|  0%| F|  |TAMS 0x0000000083300000, 0x0000000083300000| Untracked 
|  20|0x0000000083400000, 0x0000000083400000, 0x0000000083500000|  0%| F|  |TAMS 0x0000000083400000, 0x0000000083400000| Untracked 
|  21|0x0000000083500000, 0x0000000083500000, 0x0000000083600000|  0%| F|  |TAMS 0x0000000083500000, 0x0000000083500000| Untracked 
|  22|0x0000000083600000, 0x0000000083600000, 0x0000000083700000|  0%| F|  |TAMS 0x0000000083600000, 0x0000000083600000| Untracked 
|  23|0x0000000083700000, 0x0000000083700000, 0x0000000083800000|  0%| F|  |TAMS 0x0000000083700000, 0x0000000083700000| Untracked 
|  24|0x0000000083800000, 0x0000000083800000, 0x0000000083900000|  0%| F|  |TAMS 0x0000000083800000, 0x0000000083800000| Untracked 
|  25|0x0000000083900000, 0x0000000083900000, 0x0000000083a00000|  0%| F|  |TAMS 0x0000000083900000, 0x0000000083900000| Untracked 
|  26|0x0000000083a00000, 0x0000000083a00000, 0x0000000083b00000|  0%| F|  |TAMS 0x0000000083a00000, 0x0000000083a00000| Untracked 
|  27|0x0000000083b00000, 0x0000000083b00000, 0x0000000083c00000|  0%| F|  |TAMS 0x0000000083b00000, 0x0000000083b00000| Untracked 
|  28|0x0000000083c00000, 0x0000000083c00000, 0x0000000083d00000|  0%| F|  |TAMS 0x0000000083c00000, 0x0000000083c00000| Untracked 
|  29|0x0000000083d00000, 0x0000000083d00000, 0x0000000083e00000|  0%| F|  |TAMS 0x0000000083d00000, 0x0000000083d00000| Untracked 
|  30|0x0000000083e00000, 0x0000000083e00000, 0x0000000083f00000|  0%| F|  |TAMS 0x0000000083e00000, 0x0000000083e00000| Untracked 
|  31|0x0000000083f00000, 0x0000000083f00000, 0x0000000084000000|  0%| F|  |TAMS 0x0000000083f00000, 0x0000000083f00000| Untracked 
|  32|0x0000000084000000, 0x0000000084000000, 0x0000000084100000|  0%| F|  |TAMS 0x0000000084000000, 0x0000000084000000| Untracked 
|  33|0x0000000084100000, 0x0000000084100000, 0x0000000084200000|  0%| F|  |TAMS 0x0000000084100000, 0x0000000084100000| Untracked 
|  34|0x0000000084200000, 0x0000000084200000, 0x0000000084300000|  0%| F|  |TAMS 0x0000000084200000, 0x0000000084200000| Untracked 
|  35|0x0000000084300000, 0x0000000084300000, 0x0000000084400000|  0%| F|  |TAMS 0x0000000084300000, 0x0000000084300000| Untracked 
|  36|0x0000000084400000, 0x0000000084400000, 0x0000000084500000|  0%| F|  |TAMS 0x0000000084400000, 0x0000000084400000| Untracked 
|  37|0x0000000084500000, 0x0000000084500000, 0x0000000084600000|  0%| F|  |TAMS 0x0000000084500000, 0x0000000084500000| Untracked 
|  38|0x0000000084600000, 0x0000000084600000, 0x0000000084700000|  0%| F|  |TAMS 0x0000000084600000, 0x0000000084600000| Untracked 
|  39|0x0000000084700000, 0x0000000084700000, 0x0000000084800000|  0%| F|  |TAMS 0x0000000084700000, 0x0000000084700000| Untracked 
|  40|0x0000000084800000, 0x0000000084800000, 0x0000000084900000|  0%| F|  |TAMS 0x0000000084800000, 0x0000000084800000| Untracked 
|  41|0x0000000084900000, 0x0000000084900000, 0x0000000084a00000|  0%| F|  |TAMS 0x0000000084900000, 0x0000000084900000| Untracked 
|  42|0x0000000084a00000, 0x0000000084a00000, 0x0000000084b00000|  0%| F|  |TAMS 0x0000000084a00000, 0x0000000084a00000| Untracked 
|  43|0x0000000084b00000, 0x0000000084b00000, 0x0000000084c00000|  0%| F|  |TAMS 0x0000000084b00000, 0x0000000084b00000| Untracked 
|  44|0x0000000084c00000, 0x0000000084c00000, 0x0000000084d00000|  0%| F|  |TAMS 0x0000000084c00000, 0x0000000084c00000| Untracked 
|  45|0x0000000084d00000, 0x0000000084d00000, 0x0000000084e00000|  0%| F|  |TAMS 0x0000000084d00000, 0x0000000084d00000| Untracked 
|  46|0x0000000084e00000, 0x0000000084e00000, 0x0000000084f00000|  0%| F|  |TAMS 0x0000000084e00000, 0x0000000084e00000| Untracked 
|  47|0x0000000084f00000, 0x0000000084f00000, 0x0000000085000000|  0%| F|  |TAMS 0x0000000084f00000, 0x0000000084f00000| Untracked 
|  48|0x0000000085000000, 0x0000000085000000, 0x0000000085100000|  0%| F|  |TAMS 0x0000000085000000, 0x0000000085000000| Untracked 
|  49|0x0000000085100000, 0x0000000085100000, 0x0000000085200000|  0%| F|  |TAMS 0x0000000085100000, 0x0000000085100000| Untracked 
|  50|0x0000000085200000, 0x0000000085200000, 0x0000000085300000|  0%| F|  |TAMS 0x0000000085200000, 0x0000000085200000| Untracked 
|  51|0x0000000085300000, 0x0000000085300000, 0x0000000085400000|  0%| F|  |TAMS 0x0000000085300000, 0x0000000085300000| Untracked 
|  52|0x0000000085400000, 0x0000000085400000, 0x0000000085500000|  0%| F|  |TAMS 0x0000000085400000, 0x0000000085400000| Untracked 
|  53|0x0000000085500000, 0x0000000085500000, 0x0000000085600000|  0%| F|  |TAMS 0x0000000085500000, 0x0000000085500000| Untracked 
|  54|0x0000000085600000, 0x0000000085600000, 0x0000000085700000|  0%| F|  |TAMS 0x0000000085600000, 0x0000000085600000| Untracked 
|  55|0x0000000085700000, 0x0000000085700000, 0x0000000085800000|  0%| F|  |TAMS 0x0000000085700000, 0x0000000085700000| Untracked 
|  56|0x0000000085800000, 0x0000000085800000, 0x0000000085900000|  0%| F|  |TAMS 0x0000000085800000, 0x0000000085800000| Untracked 
|  57|0x0000000085900000, 0x0000000085900000, 0x0000000085a00000|  0%| F|  |TAMS 0x0000000085900000, 0x0000000085900000| Untracked 
|  58|0x0000000085a00000, 0x0000000085a00000, 0x0000000085b00000|  0%| F|  |TAMS 0x0000000085a00000, 0x0000000085a00000| Untracked 
|  59|0x0000000085b00000, 0x0000000085b00000, 0x0000000085c00000|  0%| F|  |TAMS 0x0000000085b00000, 0x0000000085b00000| Untracked 
|  60|0x0000000085c00000, 0x0000000085c00000, 0x0000000085d00000|  0%| F|  |TAMS 0x0000000085c00000, 0x0000000085c00000| Untracked 
|  61|0x0000000085d00000, 0x0000000085d00000, 0x0000000085e00000|  0%| F|  |TAMS 0x0000000085d00000, 0x0000000085d00000| Untracked 
|  62|0x0000000085e00000, 0x0000000085e00000, 0x0000000085f00000|  0%| F|  |TAMS 0x0000000085e00000, 0x0000000085e00000| Untracked 
|  63|0x0000000085f00000, 0x0000000085f00000, 0x0000000086000000|  0%| F|  |TAMS 0x0000000085f00000, 0x0000000085f00000| Untracked 
|  64|0x0000000086000000, 0x0000000086000000, 0x0000000086100000|  0%| F|  |TAMS 0x0000000086000000, 0x0000000086000000| Untracked 
|  65|0x0000000086100000, 0x0000000086100000, 0x0000000086200000|  0%| F|  |TAMS 0x0000000086100000, 0x0000000086100000| Untracked 
|  66|0x0000000086200000, 0x0000000086200000, 0x0000000086300000|  0%| F|  |TAMS 0x0000000086200000, 0x0000000086200000| Untracked 
|  67|0x0000000086300000, 0x0000000086300000, 0x0000000086400000|  0%| F|  |TAMS 0x0000000086300000, 0x0000000086300000| Untracked 
|  68|0x0000000086400000, 0x0000000086400000, 0x0000000086500000|  0%| F|  |TAMS 0x0000000086400000, 0x0000000086400000| Untracked 
|  69|0x0000000086500000, 0x0000000086500000, 0x0000000086600000|  0%| F|  |TAMS 0x0000000086500000, 0x0000000086500000| Untracked 
|  70|0x0000000086600000, 0x0000000086600000, 0x0000000086700000|  0%| F|  |TAMS 0x0000000086600000, 0x0000000086600000| Untracked 
|  71|0x0000000086700000, 0x0000000086700000, 0x0000000086800000|  0%| F|  |TAMS 0x0000000086700000, 0x0000000086700000| Untracked 
|  72|0x0000000086800000, 0x0000000086800000, 0x0000000086900000|  0%| F|  |TAMS 0x0000000086800000, 0x0000000086800000| Untracked 
|  73|0x0000000086900000, 0x0000000086900000, 0x0000000086a00000|  0%| F|  |TAMS 0x0000000086900000, 0x0000000086900000| Untracked 
|  74|0x0000000086a00000, 0x0000000086a00000, 0x0000000086b00000|  0%| F|  |TAMS 0x0000000086a00000, 0x0000000086a00000| Untracked 
|  75|0x0000000086b00000, 0x0000000086bb0350, 0x0000000086c00000| 68%| E|  |TAMS 0x0000000086b00000, 0x0000000086b00000| Complete 
|  76|0x0000000086c00000, 0x0000000086d00000, 0x0000000086d00000|100%| E|CS|TAMS 0x0000000086c00000, 0x0000000086c00000| Complete 
|  77|0x0000000086d00000, 0x0000000086e00000, 0x0000000086e00000|100%| E|CS|TAMS 0x0000000086d00000, 0x0000000086d00000| Complete 
|  78|0x0000000086e00000, 0x0000000086f00000, 0x0000000086f00000|100%| E|CS|TAMS 0x0000000086e00000, 0x0000000086e00000| Complete 
|  79|0x0000000086f00000, 0x0000000087000000, 0x0000000087000000|100%| E|CS|TAMS 0x0000000086f00000, 0x0000000086f00000| Complete 
|  80|0x0000000087000000, 0x0000000087100000, 0x0000000087100000|100%| E|CS|TAMS 0x0000000087000000, 0x0000000087000000| Complete 
|  81|0x0000000087100000, 0x0000000087200000, 0x0000000087200000|100%| E|CS|TAMS 0x0000000087100000, 0x0000000087100000| Complete 
|  82|0x0000000087200000, 0x0000000087300000, 0x0000000087300000|100%| E|CS|TAMS 0x0000000087200000, 0x0000000087200000| Complete 
|  83|0x0000000087300000, 0x0000000087400000, 0x0000000087400000|100%| E|CS|TAMS 0x0000000087300000, 0x0000000087300000| Complete 
|  84|0x0000000087400000, 0x0000000087500000, 0x0000000087500000|100%| E|CS|TAMS 0x0000000087400000, 0x0000000087400000| Complete 
|  85|0x0000000087500000, 0x0000000087600000, 0x0000000087600000|100%| E|CS|TAMS 0x0000000087500000, 0x0000000087500000| Complete 
|  86|0x0000000087600000, 0x0000000087700000, 0x0000000087700000|100%| E|CS|TAMS 0x0000000087600000, 0x0000000087600000| Complete 
|  87|0x0000000087700000, 0x0000000087800000, 0x0000000087800000|100%| E|CS|TAMS 0x0000000087700000, 0x0000000087700000| Complete 
|  88|0x0000000087800000, 0x0000000087900000, 0x0000000087900000|100%| E|CS|TAMS 0x0000000087800000, 0x0000000087800000| Complete 
|  89|0x0000000087900000, 0x0000000087a00000, 0x0000000087a00000|100%| E|CS|TAMS 0x0000000087900000, 0x0000000087900000| Complete 
|  90|0x0000000087a00000, 0x0000000087b00000, 0x0000000087b00000|100%| E|CS|TAMS 0x0000000087a00000, 0x0000000087a00000| Complete 
|  91|0x0000000087b00000, 0x0000000087c00000, 0x0000000087c00000|100%| E|CS|TAMS 0x0000000087b00000, 0x0000000087b00000| Complete 
|  92|0x0000000087c00000, 0x0000000087d00000, 0x0000000087d00000|100%| E|CS|TAMS 0x0000000087c00000, 0x0000000087c00000| Complete 
|  93|0x0000000087d00000, 0x0000000087e00000, 0x0000000087e00000|100%| E|CS|TAMS 0x0000000087d00000, 0x0000000087d00000| Complete 
|  94|0x0000000087e00000, 0x0000000087f00000, 0x0000000087f00000|100%| E|CS|TAMS 0x0000000087e00000, 0x0000000087e00000| Complete 
|  95|0x0000000087f00000, 0x0000000088000000, 0x0000000088000000|100%| E|CS|TAMS 0x0000000087f00000, 0x0000000087f00000| Complete 
|  96|0x0000000088000000, 0x0000000088100000, 0x0000000088100000|100%| E|CS|TAMS 0x0000000088000000, 0x0000000088000000| Complete 
|  97|0x0000000088100000, 0x0000000088200000, 0x0000000088200000|100%| E|CS|TAMS 0x0000000088100000, 0x0000000088100000| Complete 
|  98|0x0000000088200000, 0x0000000088300000, 0x0000000088300000|100%| E|CS|TAMS 0x0000000088200000, 0x0000000088200000| Complete 
|  99|0x0000000088300000, 0x0000000088400000, 0x0000000088400000|100%| E|CS|TAMS 0x0000000088300000, 0x0000000088300000| Complete 
| 100|0x0000000088400000, 0x00000000884a4fa8, 0x0000000088500000| 64%| S|CS|TAMS 0x0000000088400000, 0x0000000088400000| Complete 
| 101|0x0000000088500000, 0x0000000088600000, 0x0000000088600000|100%| S|CS|TAMS 0x0000000088500000, 0x0000000088500000| Complete 
| 102|0x0000000088600000, 0x0000000088700000, 0x0000000088700000|100%| S|CS|TAMS 0x0000000088600000, 0x0000000088600000| Complete 
| 103|0x0000000088700000, 0x0000000088800000, 0x0000000088800000|100%| E|CS|TAMS 0x0000000088700000, 0x0000000088700000| Complete 
| 104|0x0000000088800000, 0x0000000088900000, 0x0000000088900000|100%| E|CS|TAMS 0x0000000088800000, 0x0000000088800000| Complete 
| 105|0x0000000088900000, 0x0000000088a00000, 0x0000000088a00000|100%| E|CS|TAMS 0x0000000088900000, 0x0000000088900000| Complete 
| 106|0x0000000088a00000, 0x0000000088b00000, 0x0000000088b00000|100%| E|CS|TAMS 0x0000000088a00000, 0x0000000088a00000| Complete 
| 107|0x0000000088b00000, 0x0000000088c00000, 0x0000000088c00000|100%| E|CS|TAMS 0x0000000088b00000, 0x0000000088b00000| Complete 
| 108|0x0000000088c00000, 0x0000000088d00000, 0x0000000088d00000|100%| E|CS|TAMS 0x0000000088c00000, 0x0000000088c00000| Complete 
| 109|0x0000000088d00000, 0x0000000088e00000, 0x0000000088e00000|100%| E|CS|TAMS 0x0000000088d00000, 0x0000000088d00000| Complete 
| 110|0x0000000088e00000, 0x0000000088f00000, 0x0000000088f00000|100%| E|CS|TAMS 0x0000000088e00000, 0x0000000088e00000| Complete 
| 111|0x0000000088f00000, 0x0000000089000000, 0x0000000089000000|100%| E|CS|TAMS 0x0000000088f00000, 0x0000000088f00000| Complete 
| 112|0x0000000089000000, 0x0000000089100000, 0x0000000089100000|100%| E|CS|TAMS 0x0000000089000000, 0x0000000089000000| Complete 
| 113|0x0000000089100000, 0x0000000089200000, 0x0000000089200000|100%| E|CS|TAMS 0x0000000089100000, 0x0000000089100000| Complete 
| 114|0x0000000089200000, 0x0000000089300000, 0x0000000089300000|100%| E|  |TAMS 0x0000000089200000, 0x0000000089200000| Complete 
| 115|0x0000000089300000, 0x0000000089400000, 0x0000000089400000|100%| E|CS|TAMS 0x0000000089300000, 0x0000000089300000| Complete 
| 116|0x0000000089400000, 0x0000000089500000, 0x0000000089500000|100%| E|CS|TAMS 0x0000000089400000, 0x0000000089400000| Complete 
| 117|0x0000000089500000, 0x0000000089600000, 0x0000000089600000|100%| E|CS|TAMS 0x0000000089500000, 0x0000000089500000| Complete 
| 118|0x0000000089600000, 0x0000000089700000, 0x0000000089700000|100%| E|CS|TAMS 0x0000000089600000, 0x0000000089600000| Complete 
| 119|0x0000000089700000, 0x0000000089800000, 0x0000000089800000|100%| E|CS|TAMS 0x0000000089700000, 0x0000000089700000| Complete 
| 120|0x0000000089800000, 0x0000000089900000, 0x0000000089900000|100%| E|CS|TAMS 0x0000000089800000, 0x0000000089800000| Complete 
| 121|0x0000000089900000, 0x0000000089a00000, 0x0000000089a00000|100%| E|CS|TAMS 0x0000000089900000, 0x0000000089900000| Complete 
| 122|0x0000000089a00000, 0x0000000089b00000, 0x0000000089b00000|100%| E|CS|TAMS 0x0000000089a00000, 0x0000000089a00000| Complete 
| 123|0x0000000089b00000, 0x0000000089c00000, 0x0000000089c00000|100%| E|CS|TAMS 0x0000000089b00000, 0x0000000089b00000| Complete 
| 124|0x0000000089c00000, 0x0000000089d00000, 0x0000000089d00000|100%| E|CS|TAMS 0x0000000089c00000, 0x0000000089c00000| Complete 
| 125|0x0000000089d00000, 0x0000000089e00000, 0x0000000089e00000|100%| E|CS|TAMS 0x0000000089d00000, 0x0000000089d00000| Complete 

Card table byte_map: [0x000002665bed0000,0x000002665c2c0000] _byte_map_base: 0x000002665bac0000

Marking Bits (Prev, Next): (CMBitMap*) 0x0000026645252aa0, (CMBitMap*) 0x0000026645252ae0
 Prev Bits: [0x000002665c6b0000, 0x000002665e630000)
 Next Bits: [0x000002665e630000, 0x00000266605b0000)

Polling page: 0x0000026643160000

Metaspace:

Usage:
  Non-class:     17.33 MB used.
      Class:      2.36 MB used.
       Both:     19.69 MB used.

Virtual space:
  Non-class space:       64.00 MB reserved,      17.44 MB ( 27%) committed,  1 nodes.
      Class space:        1.00 GB reserved,       2.44 MB ( <1%) committed,  1 nodes.
             Both:        1.06 GB reserved,      19.88 MB (  2%) committed. 

Chunk freelists:
   Non-Class:  1.62 MB
       Class:  1.52 MB
        Both:  3.14 MB

MaxMetaspaceSize: unlimited
CompressedClassSpaceSize: 1.00 GB
Initial GC threshold: 21.00 MB
Current GC threshold: 21.00 MB
CDS: on
MetaspaceReclaimPolicy: balanced
 - commit_granule_bytes: 65536.
 - commit_granule_words: 8192.
 - virtual_space_node_default_size: 8388608.
 - enlarge_chunks_in_place: 1.
 - new_chunks_are_fully_committed: 0.
 - uncommit_free_chunks: 1.
 - use_allocation_guard: 0.


Internal statistics:

num_allocs_failed_limit: 0.
num_arena_births: 202.
num_arena_deaths: 0.
num_vsnodes_births: 2.
num_vsnodes_deaths: 0.
num_space_committed: 318.
num_space_uncommitted: 0.
num_chunks_returned_to_freelist: 0.
num_chunks_taken_from_freelist: 890.
num_chunk_merges: 0.
num_chunk_splits: 605.
num_chunks_enlarged: 499.
num_inconsistent_stats: 0.

CodeHeap 'non-profiled nmethods': size=120000Kb used=1079Kb max_used=1079Kb free=118920Kb
 bounds [0x00000266545b0000, 0x0000026654820000, 0x000002665bae0000]
CodeHeap 'profiled nmethods': size=120000Kb used=6177Kb max_used=6177Kb free=113822Kb
 bounds [0x000002664d080000, 0x000002664d690000, 0x00000266545b0000]
CodeHeap 'non-nmethods': size=5760Kb used=1196Kb max_used=1264Kb free=4564Kb
 bounds [0x000002664cae0000, 0x000002664cd50000, 0x000002664d080000]
 total_blobs=3308 nmethods=2830 adapters=389
 compilation: enabled
              stopped_count=0, restarted_count=0
 full_count=0

Compilation events (20 events):
Event: 2.853 Thread 0x0000026666c31470 nmethod 2739 0x000002664d630490 code [0x000002664d630880, 0x000002664d632008]
Event: 2.853 Thread 0x0000026666c31470 2735       3       java.lang.invoke.LambdaForm$DMH/0x0000000800d00000::invokeStatic (31 bytes)
Event: 2.853 Thread 0x0000026666c31470 nmethod 2735 0x000002664d632910 code [0x000002664d632ae0, 0x000002664d632f78]
Event: 2.853 Thread 0x0000026666c31470 2741       3       java.lang.Module::allows (60 bytes)
Event: 2.853 Thread 0x0000026666c31470 nmethod 2741 0x000002664d633090 code [0x000002664d633280, 0x000002664d6338c8]
Event: 2.853 Thread 0x0000026666c31470 2740       3       java.util.regex.Pattern$$Lambda$262/0x0000000800cea6d0::is (5 bytes)
Event: 2.853 Thread 0x0000026666c31470 nmethod 2740 0x000002664d633a10 code [0x000002664d633ba0, 0x000002664d633d18]
Event: 2.854 Thread 0x0000026666c31470 2743       3       java.util.stream.Collectors$CollectorImpl::<init> (13 bytes)
Event: 2.855 Thread 0x0000026666c31470 nmethod 2743 0x000002664d633e10 code [0x000002664d633fe0, 0x000002664d634558]
Event: 2.855 Thread 0x0000026666c31470 2744       3       java.util.stream.Collectors::castingIdentity (6 bytes)
Event: 2.855 Thread 0x0000026666c31470 nmethod 2744 0x000002664d634710 code [0x000002664d6348c0, 0x000002664d634b38]
Event: 2.855 Thread 0x0000026666c31470 2745  s    1       java.lang.StringBuffer::length (5 bytes)
Event: 2.856 Thread 0x0000026666c31470 nmethod 2745 0x00000266546bad10 code [0x00000266546baea0, 0x00000266546bb018]
Event: 2.856 Thread 0x0000026666c31470 2746       3       org.springframework.boot.autoconfigure.condition.OnBeanCondition$Spec::extract (165 bytes)
Event: 2.857 Thread 0x0000026666c31470 nmethod 2746 0x000002664d634c10 code [0x000002664d634f40, 0x000002664d6367a8]
Event: 2.857 Thread 0x0000026666c31470 2747       3       org.springframework.beans.factory.support.AbstractBeanFactory::getMergedLocalBeanDefinition (38 bytes)
Event: 2.857 Thread 0x0000026666c31470 nmethod 2747 0x000002664d636e10 code [0x000002664d637000, 0x000002664d637588]
Event: 2.858 Thread 0x0000026666c31470 2748       1       sun.reflect.generics.reflectiveObjects.TypeVariableImpl::getName (5 bytes)
Event: 2.858 Thread 0x0000026666c31470 nmethod 2748 0x00000266546bb090 code [0x00000266546bb220, 0x00000266546bb2f8]
Event: 2.859 Thread 0x0000026666c31470 2749       3       java.lang.invoke.MethodHandles$Lookup::defineHiddenClass (69 bytes)

GC Heap History (6 events):
Event: 0.760 GC heap before
{Heap before GC invocations=0 (full 0):
 garbage-first heap   total 129024K, used 14336K [0x0000000082000000, 0x0000000100000000)
  region size 1024K, 13 young (13312K), 0 survivors (0K)
 Metaspace       used 3041K, committed 3200K, reserved 1114112K
  class space    used 289K, committed 384K, reserved 1048576K
}
Event: 0.766 GC heap after
{Heap after GC invocations=1 (full 0):
 garbage-first heap   total 129024K, used 6771K [0x0000000082000000, 0x0000000100000000)
  region size 1024K, 2 young (2048K), 2 survivors (2048K)
 Metaspace       used 3041K, committed 3200K, reserved 1114112K
  class space    used 289K, committed 384K, reserved 1048576K
}
Event: 1.408 GC heap before
{Heap before GC invocations=1 (full 0):
 garbage-first heap   total 129024K, used 15987K [0x0000000082000000, 0x0000000100000000)
  region size 1024K, 11 young (11264K), 2 survivors (2048K)
 Metaspace       used 6013K, committed 6208K, reserved 1114112K
  class space    used 670K, committed 768K, reserved 1048576K
}
Event: 1.412 GC heap after
{Heap after GC invocations=2 (full 0):
 garbage-first heap   total 129024K, used 8251K [0x0000000082000000, 0x0000000100000000)
  region size 1024K, 2 young (2048K), 2 survivors (2048K)
 Metaspace       used 6013K, committed 6208K, reserved 1114112K
  class space    used 670K, committed 768K, reserved 1048576K
}
Event: 1.958 GC heap before
{Heap before GC invocations=2 (full 0):
 garbage-first heap   total 129024K, used 28731K [0x0000000082000000, 0x0000000100000000)
  region size 1024K, 23 young (23552K), 2 survivors (2048K)
 Metaspace       used 11922K, committed 12224K, reserved 1114112K
  class space    used 1405K, committed 1536K, reserved 1048576K
}
Event: 1.961 GC heap after
{Heap after GC invocations=3 (full 0):
 garbage-first heap   total 129024K, used 9591K [0x0000000082000000, 0x0000000100000000)
  region size 1024K, 3 young (3072K), 3 survivors (3072K)
 Metaspace       used 11922K, committed 12224K, reserved 1114112K
  class space    used 1405K, committed 1536K, reserved 1048576K
}

Deoptimization events (20 events):
Event: 2.560 Thread 0x00000266451f4b10 DEOPT PACKING pc=0x00000266545bb928 sp=0x000000e25cdfe7e0
Event: 2.560 Thread 0x00000266451f4b10 DEOPT UNPACKING pc=0x000002664cb323a3 sp=0x000000e25cdfe788 mode 2
Event: 2.637 Thread 0x00000266451f4b10 Uncommon trap: trap_request=0xffffff45 fr.pc=0x000002665463a4b4 relative=0x0000000000000114
Event: 2.637 Thread 0x00000266451f4b10 Uncommon trap: reason=unstable_if action=reinterpret pc=0x000002665463a4b4 method=java.util.Arrays.equals([Ljava/lang/Object;[Ljava/lang/Object;)Z @ 44 c2
Event: 2.637 Thread 0x00000266451f4b10 DEOPT PACKING pc=0x000002665463a4b4 sp=0x000000e25cdfe210
Event: 2.637 Thread 0x00000266451f4b10 DEOPT UNPACKING pc=0x000002664cb323a3 sp=0x000000e25cdfe1b0 mode 2
Event: 2.750 Thread 0x00000266451f4b10 Uncommon trap: trap_request=0xffffff45 fr.pc=0x00000266546b2650 relative=0x0000000000000210
Event: 2.750 Thread 0x00000266451f4b10 Uncommon trap: reason=unstable_if action=reinterpret pc=0x00000266546b2650 method=org.springframework.beans.factory.support.AbstractBeanFactory.isFactoryBean(Ljava/lang/String;Lorg/springframework/beans/factory/support/RootBeanDefinition;)Z @ 38 c2
Event: 2.750 Thread 0x00000266451f4b10 DEOPT PACKING pc=0x00000266546b2650 sp=0x000000e25cdfe8c0
Event: 2.750 Thread 0x00000266451f4b10 DEOPT UNPACKING pc=0x000002664cb323a3 sp=0x000000e25cdfe880 mode 2
Event: 2.791 Thread 0x00000266451f4b10 Uncommon trap: trap_request=0xffffff45 fr.pc=0x00000266546a6f70 relative=0x0000000000000310
Event: 2.791 Thread 0x00000266451f4b10 Uncommon trap: reason=unstable_if action=reinterpret pc=0x00000266546a6f70 method=org.springframework.beans.factory.support.AbstractBeanFactory.getMergedLocalBeanDefinition(Ljava/lang/String;)Lorg/springframework/beans/factory/support/RootBeanDefinition; 
Event: 2.791 Thread 0x00000266451f4b10 DEOPT PACKING pc=0x00000266546a6f70 sp=0x000000e25cdfe7a0
Event: 2.791 Thread 0x00000266451f4b10 DEOPT UNPACKING pc=0x000002664cb323a3 sp=0x000000e25cdfe758 mode 2
Event: 2.806 Thread 0x00000266451f4b10 DEOPT PACKING pc=0x000002664d43214c sp=0x000000e25cdfdb40
Event: 2.806 Thread 0x00000266451f4b10 DEOPT UNPACKING pc=0x000002664cb32b43 sp=0x000000e25cdfd098 mode 0
Event: 2.808 Thread 0x00000266451f4b10 Uncommon trap: trap_request=0xffffffde fr.pc=0x000002665469b734 relative=0x00000000000005d4
Event: 2.808 Thread 0x00000266451f4b10 Uncommon trap: reason=class_check action=maybe_recompile pc=0x000002665469b734 method=org.springframework.util.ConcurrentReferenceHashMap$Segment.findInChain(Lorg/springframework/util/ConcurrentReferenceHashMap$Reference;Ljava/lang/Object;I)Lorg/springfra
Event: 2.808 Thread 0x00000266451f4b10 DEOPT PACKING pc=0x000002665469b734 sp=0x000000e25cdfe9c0
Event: 2.808 Thread 0x00000266451f4b10 DEOPT UNPACKING pc=0x000002664cb323a3 sp=0x000000e25cdfe7f8 mode 2

Classes loaded (20 events):
Event: 2.689 Loading class java/lang/UnsupportedClassVersionError
Event: 2.689 Loading class java/lang/ClassFormatError
Event: 2.728 Loading class java/lang/ClassFormatError done
Event: 2.728 Loading class java/lang/UnsupportedClassVersionError done
Event: 2.809 Loading class java/util/stream/Streams$RangeIntSpliterator
Event: 2.819 Loading class java/util/stream/Streams$RangeIntSpliterator done
Event: 2.820 Loading class java/util/stream/IntPipeline$1
Event: 2.822 Loading class java/util/stream/IntPipeline$1 done
Event: 2.823 Loading class java/util/stream/IntPipeline$1$1
Event: 2.833 Loading class java/util/stream/IntPipeline$1$1 done
Event: 2.841 Loading class java/util/stream/Streams$ConcatSpliterator$OfRef
Event: 2.841 Loading class java/util/stream/Streams$ConcatSpliterator
Event: 2.841 Loading class java/util/stream/Streams$ConcatSpliterator done
Event: 2.841 Loading class java/util/stream/Streams$ConcatSpliterator$OfRef done
Event: 2.842 Loading class java/util/stream/Streams$2
Event: 2.842 Loading class java/util/stream/Streams$2 done
Event: 2.853 Loading class java/util/stream/ReferencePipeline$15
Event: 2.853 Loading class java/util/stream/ReferencePipeline$15 done
Event: 2.854 Loading class java/util/stream/ReferencePipeline$15$1
Event: 2.854 Loading class java/util/stream/ReferencePipeline$15$1 done

Classes unloaded (0 events):
No events

Classes redefined (0 events):
No events

Internal exceptions (20 events):
Event: 1.998 Thread 0x00000266451f4b10 Exception <a 'java/lang/ClassNotFoundException'{0x0000000089b791d8}: org/springframework/core/PriorityOrderedCustomizer> (0x0000000089b791d8) 
thrown [s\open\src\hotspot\share\classfile\systemDictionary.cpp, line 255]
Event: 1.998 Thread 0x00000266451f4b10 Exception <a 'java/lang/ClassNotFoundException'{0x0000000089b7bdc0}: org/springframework/core/OrderedCustomizer> (0x0000000089b7bdc0) 
thrown [s\open\src\hotspot\share\classfile\systemDictionary.cpp, line 255]
Event: 1.998 Thread 0x00000266451f4b10 Exception <a 'java/lang/ClassNotFoundException'{0x0000000089b7fbb0}: org/springframework/context/ResourceLoaderAwareCustomizer> (0x0000000089b7fbb0) 
thrown [s\open\src\hotspot\share\classfile\systemDictionary.cpp, line 255]
Event: 1.999 Thread 0x00000266451f4b10 Exception <a 'java/lang/ClassNotFoundException'{0x0000000089b83b08}: org/springframework/beans/factory/AwareCustomizer> (0x0000000089b83b08) 
thrown [s\open\src\hotspot\share\classfile\systemDictionary.cpp, line 255]
Event: 1.999 Thread 0x00000266451f4b10 Exception <a 'java/lang/ClassNotFoundException'{0x0000000089b86a08}: org/springframework/context/ApplicationStartupAwareCustomizer> (0x0000000089b86a08) 
thrown [s\open\src\hotspot\share\classfile\systemDictionary.cpp, line 255]
Event: 1.999 Thread 0x00000266451f4b10 Exception <a 'java/lang/ClassNotFoundException'{0x0000000089b8abe8}: org/springframework/beans/factory/AwareCustomizer> (0x0000000089b8abe8) 
thrown [s\open\src\hotspot\share\classfile\systemDictionary.cpp, line 255]
Event: 1.999 Thread 0x00000266451f4b10 Exception <a 'java/lang/ClassNotFoundException'{0x0000000089b8db50}: org/springframework/beans/factory/BeanClassLoaderAwareCustomizer> (0x0000000089b8db50) 
thrown [s\open\src\hotspot\share\classfile\systemDictionary.cpp, line 255]
Event: 1.999 Thread 0x00000266451f4b10 Exception <a 'java/lang/ClassNotFoundException'{0x0000000089b91a90}: org/springframework/beans/factory/AwareCustomizer> (0x0000000089b91a90) 
thrown [s\open\src\hotspot\share\classfile\systemDictionary.cpp, line 255]
Event: 2.000 Thread 0x00000266451f4b10 Exception <a 'java/lang/ClassNotFoundException'{0x0000000089b94768}: org/springframework/context/EnvironmentAwareCustomizer> (0x0000000089b94768) 
thrown [s\open\src\hotspot\share\classfile\systemDictionary.cpp, line 255]
Event: 2.000 Thread 0x00000266451f4b10 Exception <a 'java/lang/ClassNotFoundException'{0x0000000089b98640}: org/springframework/beans/factory/AwareCustomizer> (0x0000000089b98640) 
thrown [s\open\src\hotspot\share\classfile\systemDictionary.cpp, line 255]
Event: 2.028 Thread 0x00000266451f4b10 Exception <a 'java/lang/NoSuchMethodError'{0x00000000897817f0}: 'java.lang.Object java.lang.invoke.DirectMethodHandle$Holder.invokeVirtual(java.lang.Object, java.lang.Object, java.lang.Object)'> (0x00000000897817f0) 
thrown [s\open\src\hotspot\share\interpreter\linkResolver.cpp, line 766]
Event: 2.056 Thread 0x0000026662890c30 Exception <a 'java/lang/NoSuchMethodError'{0x00000000894fa728}: 'long java.lang.invoke.DirectMethodHandle$Holder.invokeSpecial(java.lang.Object, java.lang.Object)'> (0x00000000894fa728) 
thrown [s\open\src\hotspot\share\interpreter\linkResolver.cpp, line 766]
Event: 2.057 Thread 0x0000026662890c30 Exception <a 'java/lang/NoSuchMethodError'{0x0000000089305ec8}: 'long java.lang.invoke.DirectMethodHandle$Holder.invokeStatic(java.lang.Object, java.lang.Object)'> (0x0000000089305ec8) 
thrown [s\open\src\hotspot\share\interpreter\linkResolver.cpp, line 766]
Event: 2.058 Thread 0x0000026662890c30 Exception <a 'java/lang/NoSuchMethodError'{0x00000000893094c0}: 'long java.lang.invoke.DirectMethodHandle$Holder.invokeStaticInit(java.lang.Object, java.lang.Object)'> (0x00000000893094c0) 
thrown [s\open\src\hotspot\share\interpreter\linkResolver.cpp, line 766]
Event: 2.059 Thread 0x0000026662890c30 Exception <a 'java/lang/NoSuchMethodError'{0x0000000089317938}: 'long java.lang.invoke.DirectMethodHandle$Holder.invokeInterface(java.lang.Object, java.lang.Object)'> (0x0000000089317938) 
thrown [s\open\src\hotspot\share\interpreter\linkResolver.cpp, line 766]
Event: 2.059 Thread 0x0000026662890c30 Exception <a 'java/lang/IncompatibleClassChangeError'{0x000000008931aec0}: Found class java.lang.Object, but interface was expected> (0x000000008931aec0) 
thrown [s\open\src\hotspot\share\interpreter\linkResolver.cpp, line 833]
Event: 2.066 Thread 0x0000026662890c30 Exception <a 'java/lang/NoSuchMethodError'{0x000000008937a540}: 'java.lang.Object java.lang.invoke.DirectMethodHandle$Holder.invokeVirtual(java.lang.Object, java.lang.Object, java.lang.Object, java.lang.Object)'> (0x000000008937a540) 
thrown [s\open\src\hotspot\share\interpreter\linkResolver.cpp, line 766]
Event: 2.271 Thread 0x00000266451f4b10 Exception <a 'java/lang/IncompatibleClassChangeError'{0x0000000088a52658}: Found class java.lang.Object, but interface was expected> (0x0000000088a52658) 
thrown [s\open\src\hotspot\share\interpreter\linkResolver.cpp, line 833]
Event: 2.306 Thread 0x00000266451f4b10 Exception <a 'java/lang/NoSuchMethodError'{0x000000008899a480}: 'void java.lang.invoke.DirectMethodHandle$Holder.invokeInterface(java.lang.Object, java.lang.Object, java.lang.Object, java.lang.Object)'> (0x000000008899a480) 
thrown [s\open\src\hotspot\share\interpreter\linkResolver.cpp, line 766]
Event: 2.820 Thread 0x00000266451f4b10 Exception <a 'java/lang/NoSuchMethodError'{0x0000000087044668}: 'java.lang.Object java.lang.invoke.DirectMethodHandle$Holder.invokeStatic(java.lang.Object, java.lang.Object, java.lang.Object, java.lang.Object, int)'> (0x0000000087044668) 
thrown [s\open\src\hotspot\share\interpreter\linkResolver.cpp, line 766]

VM Operations (20 events):
Event: 1.944 Executing VM operation: ICBufferFull
Event: 1.944 Executing VM operation: ICBufferFull done
Event: 1.958 Executing VM operation: G1CollectForAllocation
Event: 1.961 Executing VM operation: G1CollectForAllocation done
Event: 1.985 Executing VM operation: HandshakeAllThreads
Event: 1.985 Executing VM operation: HandshakeAllThreads done
Event: 2.022 Executing VM operation: HandshakeAllThreads
Event: 2.022 Executing VM operation: HandshakeAllThreads done
Event: 2.395 Executing VM operation: ICBufferFull
Event: 2.395 Executing VM operation: ICBufferFull done
Event: 2.554 Executing VM operation: HandshakeAllThreads
Event: 2.554 Executing VM operation: HandshakeAllThreads done
Event: 2.615 Executing VM operation: ICBufferFull
Event: 2.615 Executing VM operation: ICBufferFull done
Event: 2.790 Executing VM operation: HandshakeAllThreads
Event: 2.790 Executing VM operation: HandshakeAllThreads done
Event: 2.806 Executing VM operation: HandshakeAllThreads
Event: 2.806 Executing VM operation: HandshakeAllThreads done
Event: 2.855 Executing VM operation: HandshakeAllThreads
Event: 2.855 Executing VM operation: HandshakeAllThreads done

Events (20 events):
Event: 0.199 Loaded shared library D:\programs\jdk-18.0.1.1\bin\nio.dll
Event: 0.218 Loaded shared library D:\programs\jdk-18.0.1.1\bin\zip.dll
Event: 0.233 Thread 0x0000026666dc1090 Thread added: 0x0000026666dc1090
Event: 0.291 Loaded shared library D:\Intellij IDEA\IntelliJ IDEA Community Edition 2022.1.1\bin\breakgen64.dll
Event: 0.291 Thread 0x00000266628945f0 Thread added: 0x00000266628945f0
Event: 0.291 Thread 0x0000026662893780 Thread added: 0x0000026662893780
Event: 0.346 Loaded shared library D:\programs\jdk-18.0.1.1\bin\verify.dll
Event: 0.351 Loaded shared library D:\programs\jdk-18.0.1.1\bin\jimage.dll
Event: 0.452 Thread 0x0000026666dc1090 Thread exited: 0x0000026666dc1090
Event: 0.739 Thread 0x0000026667389460 Thread added: 0x0000026667389460
Event: 1.071 Thread 0x0000026667389460 Thread exited: 0x0000026667389460
Event: 1.556 Thread 0x00000266679f74b0 Thread added: 0x00000266679f74b0
Event: 1.595 Loaded shared library D:\programs\jdk-18.0.1.1\bin\management.dll
Event: 1.597 Loaded shared library D:\programs\jdk-18.0.1.1\bin\management_ext.dll
Event: 1.697 Thread 0x00000266679f74b0 Thread exited: 0x00000266679f74b0
Event: 1.751 Thread 0x0000026662890c30 Thread added: 0x0000026662890c30
Event: 2.152 Thread 0x0000026662890c30 Thread exited: 0x0000026662890c30
Event: 2.219 Thread 0x0000026667f56170 Thread added: 0x0000026667f56170
Event: 2.222 Thread 0x0000026662890c30 Thread added: 0x0000026662890c30
Event: 2.262 Thread 0x0000026662890c30 Thread exited: 0x0000026662890c30


Dynamic libraries:
0x00007ff675aa0000 - 0x00007ff675ab0000 	D:\programs\jdk-18.0.1.1\bin\java.exe
0x00007ff943f30000 - 0x00007ff944128000 	C:\WINDOWS\SYSTEM32\ntdll.dll
0x00007ff9434d0000 - 0x00007ff94358d000 	C:\WINDOWS\System32\KERNEL32.DLL
0x00007ff941ba0000 - 0x00007ff941e6e000 	C:\WINDOWS\System32\KERNELBASE.dll
0x00007ff941aa0000 - 0x00007ff941ba0000 	C:\WINDOWS\System32\ucrtbase.dll
0x00007ff93a4c0000 - 0x00007ff93a4d8000 	D:\programs\jdk-18.0.1.1\bin\jli.dll
0x00007ff9438f0000 - 0x00007ff94399e000 	C:\WINDOWS\System32\ADVAPI32.dll
0x00007ff9430c0000 - 0x00007ff94315e000 	C:\WINDOWS\System32\msvcrt.dll
0x00007ff943590000 - 0x00007ff94362c000 	C:\WINDOWS\System32\sechost.dll
0x00007ff9439b0000 - 0x00007ff943ad5000 	C:\WINDOWS\System32\RPCRT4.dll
0x00007ff943d50000 - 0x00007ff943ef0000 	C:\WINDOWS\System32\USER32.dll
0x00007ff941730000 - 0x00007ff941752000 	C:\WINDOWS\System32\win32u.dll
0x00007ff943c90000 - 0x00007ff943cba000 	C:\WINDOWS\System32\GDI32.dll
0x00007ff941990000 - 0x00007ff941a9b000 	C:\WINDOWS\System32\gdi32full.dll
0x00007ff9418f0000 - 0x00007ff94198d000 	C:\WINDOWS\System32\msvcp_win.dll
0x00007ff93a160000 - 0x00007ff93a17a000 	D:\programs\jdk-18.0.1.1\bin\VCRUNTIME140.dll
0x00007ff930a40000 - 0x00007ff930cda000 	C:\WINDOWS\WinSxS\amd64_microsoft.windows.common-controls_6595b64144ccf1df_6.0.19041.1110_none_60b5254171f9507e\COMCTL32.dll
0x00007ff9382e0000 - 0x00007ff9382ea000 	C:\WINDOWS\SYSTEM32\VERSION.dll
0x00007ff9431c0000 - 0x00007ff9431f0000 	C:\WINDOWS\System32\IMM32.DLL
0x00007ff9303a0000 - 0x00007ff9304b5000 	C:\Program Files\Topaz OFD\Warsaw\wslbscr64.dll
0x00007ff942970000 - 0x00007ff9430b3000 	C:\WINDOWS\System32\SHELL32.dll
0x00007ff940350000 - 0x00007ff940383000 	C:\WINDOWS\SYSTEM32\ntmarta.dll
0x00007ff919890000 - 0x00007ff919984000 	C:\Program Files\Topaz OFD\Warsaw\wslbscrwh64.dll
0x00007ff93bcd0000 - 0x00007ff93bcdc000 	D:\programs\jdk-18.0.1.1\bin\vcruntime140_1.dll
0x00007ff908980000 - 0x00007ff908a0d000 	D:\programs\jdk-18.0.1.1\bin\msvcp140.dll
0x00007ff8e3510000 - 0x00007ff8e4120000 	D:\programs\jdk-18.0.1.1\bin\server\jvm.dll
0x00007ff9425e0000 - 0x00007ff9425e8000 	C:\WINDOWS\System32\PSAPI.DLL
0x00007ff933e80000 - 0x00007ff933e89000 	C:\WINDOWS\SYSTEM32\WSOCK32.dll
0x00007ff943400000 - 0x00007ff94346b000 	C:\WINDOWS\System32\WS2_32.dll
0x00007ff930ea0000 - 0x00007ff930ec7000 	C:\WINDOWS\SYSTEM32\WINMM.dll
0x00007ff93f540000 - 0x00007ff93f552000 	C:\WINDOWS\SYSTEM32\kernel.appcore.dll
0x00007ff93bb80000 - 0x00007ff93bb8a000 	D:\programs\jdk-18.0.1.1\bin\jimage.dll
0x00007ff92d0e0000 - 0x00007ff92d2c4000 	C:\WINDOWS\SYSTEM32\DBGHELP.DLL
0x00007ff92cf40000 - 0x00007ff92cf6c000 	C:\WINDOWS\SYSTEM32\dbgcore.DLL
0x00007ff9416a0000 - 0x00007ff941722000 	C:\WINDOWS\System32\bcryptPrimitives.dll
0x00007ff93c010000 - 0x00007ff93c01e000 	D:\programs\jdk-18.0.1.1\bin\instrument.dll
0x00007ff933850000 - 0x00007ff933875000 	D:\programs\jdk-18.0.1.1\bin\java.dll
0x00007ff9080c0000 - 0x00007ff908196000 	D:\programs\jdk-18.0.1.1\bin\jsvml.dll
0x00007ff93f740000 - 0x00007ff93fed5000 	C:\WINDOWS\SYSTEM32\windows.storage.dll
0x00007ff9425f0000 - 0x00007ff942944000 	C:\WINDOWS\System32\combase.dll
0x00007ff9410b0000 - 0x00007ff9410e0000 	C:\WINDOWS\SYSTEM32\Wldp.dll
0x00007ff943840000 - 0x00007ff9438ed000 	C:\WINDOWS\System32\SHCORE.dll
0x00007ff9431f0000 - 0x00007ff943245000 	C:\WINDOWS\System32\shlwapi.dll
0x00007ff941590000 - 0x00007ff9415af000 	C:\WINDOWS\SYSTEM32\profapi.dll
0x00007ff933040000 - 0x00007ff933058000 	D:\programs\jdk-18.0.1.1\bin\zip.dll
0x00007ff933960000 - 0x00007ff933973000 	D:\programs\jdk-18.0.1.1\bin\net.dll
0x00007ff92f300000 - 0x00007ff92f40a000 	C:\WINDOWS\SYSTEM32\WINHTTP.dll
0x00007ff940e10000 - 0x00007ff940e7a000 	C:\WINDOWS\system32\mswsock.dll
0x00007ff933830000 - 0x00007ff933846000 	D:\programs\jdk-18.0.1.1\bin\nio.dll
0x00007ff92b160000 - 0x00007ff92b17a000 	D:\Intellij IDEA\IntelliJ IDEA Community Edition 2022.1.1\bin\breakgen64.dll
0x00007ff93b310000 - 0x00007ff93b320000 	D:\programs\jdk-18.0.1.1\bin\verify.dll
0x00007ff93c000000 - 0x00007ff93c009000 	D:\programs\jdk-18.0.1.1\bin\management.dll
0x00007ff93a4e0000 - 0x00007ff93a4eb000 	D:\programs\jdk-18.0.1.1\bin\management_ext.dll
0x00007ff928280000 - 0x00007ff928297000 	C:\WINDOWS\system32\napinsp.dll
0x00007ff928260000 - 0x00007ff92827b000 	C:\WINDOWS\system32\pnrpnsp.dll
0x00007ff93c060000 - 0x00007ff93c075000 	C:\WINDOWS\system32\wshbth.dll
0x00007ff93d080000 - 0x00007ff93d09d000 	C:\WINDOWS\system32\NLAapi.dll
0x00007ff940ab0000 - 0x00007ff940aeb000 	C:\WINDOWS\SYSTEM32\IPHLPAPI.DLL
0x00007ff940b00000 - 0x00007ff940bca000 	C:\WINDOWS\SYSTEM32\DNSAPI.dll
0x00007ff9439a0000 - 0x00007ff9439a8000 	C:\WINDOWS\System32\NSI.dll
0x00007ff928240000 - 0x00007ff928252000 	C:\WINDOWS\System32\winrnr.dll
0x00007ff938c70000 - 0x00007ff938c7a000 	C:\Windows\System32\rasadhlp.dll
0x00007ff92f510000 - 0x00007ff92f590000 	C:\WINDOWS\System32\fwpuclnt.dll
0x00000266450f0000 - 0x0000026645117000 	C:\WINDOWS\System32\bcrypt.dll

dbghelp: loaded successfully - version: 4.0.5 - missing functions: none
symbol engine: initialized successfully - sym options: 0x614 - pdb path: .;D:\programs\jdk-18.0.1.1\bin;C:\WINDOWS\SYSTEM32;C:\WINDOWS\WinSxS\amd64_microsoft.windows.common-controls_6595b64144ccf1df_6.0.19041.1110_none_60b5254171f9507e;C:\Program Files\Topaz OFD\Warsaw;D:\programs\jdk-18.0.1.1\bin\server;D:\Intellij IDEA\IntelliJ IDEA Community Edition 2022.1.1\bin

VM Arguments:
jvm_args: -javaagent:D:\Intellij IDEA\IntelliJ IDEA Community Edition 2022.1.1\lib\idea_rt.jar=54326:D:\Intellij IDEA\IntelliJ IDEA Community Edition 2022.1.1\bin -Dfile.encoding=UTF-8 
java_command: com.devsuperior.dsmeta.DsmetaApplication
java_class_path (initial): D:\Estudo\devSuperior\dsmeta\backend\target\classes;C:\Users\kaiot\.m2\repository\org\springframework\boot\spring-boot-starter-data-jpa\2.7.4\spring-boot-starter-data-jpa-2.7.4.jar;C:\Users\kaiot\.m2\repository\org\springframework\boot\spring-boot-starter-aop\2.7.4\spring-boot-starter-aop-2.7.4.jar;C:\Users\kaiot\.m2\repository\org\aspectj\aspectjweaver\1.9.7\aspectjweaver-1.9.7.jar;C:\Users\kaiot\.m2\repository\org\springframework\boot\spring-boot-starter-jdbc\2.7.4\spring-boot-starter-jdbc-2.7.4.jar;C:\Users\kaiot\.m2\repository\com\zaxxer\HikariCP\4.0.3\HikariCP-4.0.3.jar;C:\Users\kaiot\.m2\repository\org\springframework\spring-jdbc\5.3.23\spring-jdbc-5.3.23.jar;C:\Users\kaiot\.m2\repository\jakarta\transaction\jakarta.transaction-api\1.3.3\jakarta.transaction-api-1.3.3.jar;C:\Users\kaiot\.m2\repository\jakarta\persistence\jakarta.persistence-api\2.2.3\jakarta.persistence-api-2.2.3.jar;C:\Users\kaiot\.m2\repository\org\hibernate\hibernate-core\5.6.11.Final\hibernate-core-5.6.11.Final.jar;C:\Users\kaiot\.m2\repository\org\jboss\logging\jboss-logging\3.4.3.Final\jboss-logging-3.4.3.Final.jar;C:\Users\kaiot\.m2\repository\net\bytebuddy\byte-buddy\1.12.17\byte-buddy-1.12.17.jar;C:\Users\kaiot\.m2\repository\antlr\antlr\2.7.7\antlr-2.7.7.jar;C:\Users\kaiot\.m2\repository\org\jboss\jandex\2.4.2.Final\jandex-2.4.2.Final.jar;C:\Users\kaiot\.m2\repository\com\fasterxml\classmate\1.5.1\classmate-1.5.1.jar;C:\Users\kaiot\.m2\repository\org\hibernate\common\hibernate-commons-annotations\5.1.2.Final\hibernate-commons-annotations-5.1.2.Final.jar;C:\Users\kaiot\.m2\repository\org\glassfish\jaxb\jaxb-runtime\2.3.6\jaxb-runtime-2.3.6.jar;C:\Users\kaiot\.m2\repository\org\glassfish\jaxb\txw2\2.3.6\txw2-2.3.6.jar;C:\Users\kaiot\.m2\repository\com\sun\istack\istack-commons-runtime\3.0.12\istack-commons-runtime-3.0.12.jar;C:\Users\kaiot\.m2\repository\com\sun\activation\jakarta.activation\1.2.2\jakarta.activation-1.2.2.jar;C:\Users\kaiot\.m2\repository\org\springframework\data\spring-data-jpa\2.7.3\spring-data-jpa-2.7.3.jar;C:\Users\kaiot\.m2\repository\org\springframework\data\spring-data-commons\2.7.3\spring-data-commons-2.7.3.jar;C:\Users\kaiot\.m2\repository\org\springframework\spring-orm\5.3.23\spring-orm-5.3.23.jar;C:\Users\kaiot\.m2\repository\org\springframework\spring-context\5.3.23\spring-context-5.3.23.jar;C:\Users\kaiot\.m2\repository\org\springframework\spring-tx\5.3.23\spring-tx-5.3.23.jar;C:\Users\kaiot\.m2\repository\org\springframework\spring-beans\5.3.23\spring-beans-5.3.23.jar;C:\Users\kaiot\.m2\repository\org\springframework\spring-aspects\5.3.23\spring-aspects-5.3.23.jar;C:\Users\kaiot\.m2\repository\org\springframework\boot\spring-boot-starter-security\2.7.4\spring-boot-starter-security-2.7.4.jar;C:\Users\kaiot\.m2\repository\org\springframework\boot\spring-boot-starter\2.7.4\spring-boot-starter-2.7.4.jar;C:\Users\kaiot\.m2\repository\org\springframework\boot\spring-boot\2.7.4\spring-boot-2.7.4.jar;C:\Users\kaiot\.m2\repository\org\springframework\boot\spring-boot-autoconfigure\2.7.4\spring-boot-autoconfigure-2.7.4.jar;C:\Users\kaiot\.m2\repository\org\springframework\boot\spring-boot-starter-logging\2.7.4\spring-boot-starter-logging-2.7.4.jar;C:\Users\kaiot\.m2\repository\ch\qos\logback\logback-classic\1.2.11\logback-classic-1.2.11.jar;C:\Users\kaiot\.m2\repository\ch\qos\logback\logback-core\1.2.11\logback-core-1.2.11.jar;C:\Users\kaiot\.m2\repository\org\apache\logging\log4j\log4j-to-slf4j\2.17.2\log4j-to-slf4j-2.17.2.jar;C:\Users\kaiot\.m2\repository\org\apache\logging\log4j\log4j-api\2.17.2\log4j-api-2.17.2.jar;C:\Users\kaiot\.m2\repository\org\slf4j\jul-to-slf4j\1.7.36\jul-to-slf4j-1.7.36.jar;C:\Users\kaiot\.m2\repository\jakarta\annotation\jakarta.annotation-api\1.3.5\jakarta.annotation-api-1.3.5.jar;C:\Users\kaiot\.m2\repository\org\yaml\snakeyaml\1.30\snakeyaml-1.30.jar;C:\Users\kaiot\.m2\repository\org\springframework\spring-aop\5.3.23\spring-aop-5.3.23.jar;C:\Users\kaiot\.m2\repository\org\springframework\security\spring-security-config\5.7.3\spring-security-config-5.7.3.jar;C:\Users\kaiot\.m2\repository\org\springframework\security\spring-security-core\5.7.3\spring-security-core-5.7.3.jar;C:\Users\kaiot\.m2\repository\org\springframework\security\spring-security-crypto\5.7.3\spring-security-crypto-5.7.3.jar;C:\Users\kaiot\.m2\repository\org\springframework\security\spring-security-web\5.7.3\spring-security-web-5.7.3.jar;C:\Users\kaiot\.m2\repository\org\springframework\spring-expression\5.3.23\spring-expression-5.3.23.jar;C:\Users\kaiot\.m2\repository\org\springframework\boot\spring-boot-starter-web\2.7.4\spring-boot-starter-web-2.7.4.jar;C:\Users\kaiot\.m2\repository\org\springframework\boot\spring-boot-starter-json\2.7.4\spring-boot-starter-json-2.7.4.jar;C:\Users\kaiot\.m2\repository\com\fasterxml\jackson\datatype\jackson-datatype-jdk8\2.13.4\jackson-datatype-jdk8-2.13.4.jar;C:\Users\kaiot\.m2\repository\com\fasterxml\jackson\module\jackson-module-parameter-names\2.13.4\jackson-module-parameter-names-2.13.4.jar;C:\Users\kaiot\.m2\repository\org\springframework\boot\spring-boot-starter-tomcat\2.7.4\spring-boot-starter-tomcat-2.7.4.jar;C:\Users\kaiot\.m2\repository\org\apache\tomcat\embed\tomcat-embed-core\9.0.65\tomcat-embed-core-9.0.65.jar;C:\Users\kaiot\.m2\repository\org\apache\tomcat\embed\tomcat-embed-el\9.0.65\tomcat-embed-el-9.0.65.jar;C:\Users\kaiot\.m2\repository\org\apache\tomcat\embed\tomcat-embed-websocket\9.0.65\tomcat-embed-websocket-9.0.65.jar;C:\Users\kaiot\.m2\repository\org\springframework\spring-web\5.3.23\spring-web-5.3.23.jar;C:\Users\kaiot\.m2\repository\org\springframework\spring-webmvc\5.3.23\spring-webmvc-5.3.23.jar;C:\Users\kaiot\.m2\repository\com\h2database\h2\2.1.214\h2-2.1.214.jar;C:\Users\kaiot\.m2\repository\jakarta\xml\bind\jakarta.xml.bind-api\2.3.3\jakarta.xml.bind-api-2.3.3.jar;C:\Users\kaiot\.m2\repository\jakarta\activation\jakarta.activation-api\1.2.2\jakarta.activation-api-1.2.2.jar;C:\Users\kaiot\.m2\repository\org\springframework\spring-core\5.3.23\spring-core-5.3.23.jar;C:\Users\kaiot\.m2\repository\org\springframework\spring-jcl\5.3.23\spring-jcl-5.3.23.jar;C:\Users\kaiot\.m2\repository\mysql\mysql-connector-java\8.0.30\mysql-connector-java-8.0.30.jar;C:\Users\kaiot\.m2\repository\com\twilio\sdk\twilio\8.31.1\twilio-8.31.1.jar;C:\Users\kaiot\.m2\repository\commons-codec\commons-codec\1.15\commons-codec-1.15.jar;C:\Users\kaiot\.m2\repository\commons-io\commons-io\2.7\commons-io-2.7.jar;C:\Users\kaiot\.m2\repository\io\jsonwebtoken\jjwt-api\0.11.2\jjwt-api-0.11.2.jar;C:\Users\kaiot\.m2\repository\io\jsonwebtoken\jjwt-jackson\0.11.2\jjwt-jackson-0.11.2.jar;C:\Users\kaiot\.m2\repository\io\jsonwebtoken\jjwt-impl\0.11.2\jjwt-impl-0.11.2.jar;C:\Users\kaiot\.m2\repository\org\apache\httpcomponents\httpclient\4.5.13\httpclient-4.5.13.jar;C:\Users\kaiot\.m2\repository\org\apache\httpcomponents\httpcore\4.4.15\httpcore-4.4.15.jar;C:\Users\kaiot\.m2\repository\com\fasterxml\jackson\core\jackson-core\2.13.4\jackson-core-2.13.4.jar;C:\Users\kaiot\.m2\repository\com\fasterxml\jackson\core\jackson-annotations\2.13.4\jackson-annotations-2.13.4.jar;C:\Users\kaiot\.m2\repository\com\fasterxml\jackson\core\jackson-databind\2.13.4\jackson-databind-2.13.4.jar;C:\Users\kaiot\.m2\repository\com\fasterxml\jackson\datatype\jackson-datatype-jsr310\2.13.4\jackson-datatype-jsr310-2.13.4.jar;C:\Users\kaiot\.m2\repository\com\fasterxml\jackson\dataformat\jackson-dataformat-xml\2.13.4\jackson-dataformat-xml-2.13.4.jar;C:\Users\kaiot\.m2\repository\org\codehaus\woodstox\stax2-api\4.2.1\stax2-api-4.2.1.jar;C:\Users\kaiot\.m2\repository\com\fasterxml\woodstox\woodstox-core\6.3.1\woodstox-core-6.3.1.jar;C:\Users\kaiot\.m2\repository\org\slf4j\slf4j-api\1.7.36\slf4j-api-1.7.36.jar;C:\Users\kaiot\.m2\repository\javax\xml\bind\jaxb-api\2.3.1\jaxb-api-2.3.1.jar;C:\Users\kaiot\.m2\repository\javax\activation\javax.activation-api\1.2.0\javax.activation-api-1.2.0.jar
Launcher Type: SUN_STANDARD

[Global flags]
     intx CICompilerCount                          = 3                                         {product} {ergonomic}
     uint ConcGCThreads                            = 1                                         {product} {ergonomic}
     uint G1ConcRefinementThreads                  = 4                                         {product} {ergonomic}
   size_t G1HeapRegionSize                         = 1048576                                   {product} {ergonomic}
    uintx GCDrainStackTargetSize                   = 64                                        {product} {ergonomic}
   size_t InitialHeapSize                          = 132120576                                 {product} {ergonomic}
   size_t MarkStackSize                            = 4194304                                   {product} {ergonomic}
   size_t MaxHeapSize                              = 2113929216                                {product} {ergonomic}
   size_t MaxNewSize                               = 1267728384                                {product} {ergonomic}
   size_t MinHeapDeltaBytes                        = 1048576                                   {product} {ergonomic}
   size_t MinHeapSize                              = 8388608                                   {product} {ergonomic}
    uintx NonNMethodCodeHeapSize                   = 5832780                                {pd product} {ergonomic}
    uintx NonProfiledCodeHeapSize                  = 122912730                              {pd product} {ergonomic}
    uintx ProfiledCodeHeapSize                     = 122912730                              {pd product} {ergonomic}
    uintx ReservedCodeCacheSize                    = 251658240                              {pd product} {ergonomic}
     bool SegmentedCodeCache                       = true                                      {product} {ergonomic}
   size_t SoftMaxHeapSize                          = 2113929216                             {manageable} {ergonomic}
     bool UseCompressedClassPointers               = true                           {product lp64_product} {ergonomic}
     bool UseCompressedOops                        = true                           {product lp64_product} {ergonomic}
     bool UseG1GC                                  = true                                      {product} {ergonomic}
     bool UseLargePagesIndividualAllocation        = false                                  {pd product} {ergonomic}

Logging:
Log output configuration:
 #0: stdout all=warning uptime,level,tags foldmultilines=false
 #1: stderr all=off uptime,level,tags foldmultilines=false

Environment Variables:
JAVA_HOME=C:\Program Files\Java\zulu17.30.15-ca-jdk17.0.1-win_x64
PATH=C:\Program Files\Common Files\Oracle\Java\javapath;C:\Program Files\Java\zulu17.30.15-ca-jdk17.0.1-win_x64\bin;C:\WINDOWS\system32;C:\WINDOWS;C:\WINDOWS\System32\Wbem;C:\WINDOWS\System32\WindowsPowerShell\v1.0\;C:\WINDOWS\System32\OpenSSH\;C:\Program Files\Microsoft SQL Server\Client SDK\ODBC\170\Tools\Binn\;C:\Program Files (x86)\Microsoft SQL Server\150\Tools\Binn\;C:\Program Files\Microsoft SQL Server\150\Tools\Binn\;C:\Program Files\Microsoft SQL Server\150\DTS\Binn\;C:\Program Files (x86)\Microsoft SQL Server\150\DTS\Binn\;C:\Program Files\Azure Data Studio\bin;C:\Program Files\dotnet\;D:\programs\git\Git\cmd;C:\Users\kaiot\AppData\Roaming\nvm;C:\Program Files\nodejs;C:\Users\kaiot\AppData\Local\Microsoft\WindowsApps;D:\programs\visual studio code\Microsoft VS Code\bin;C:\Users\kaiot\.dotnet\tools;C:\Program Files\Azure Data Studio\bin;C:\Users\kaiot\AppData\Roaming\npm;C:\Program Files\JetBrains\IntelliJ IDEA Community Edition 2021.2\bin;;C:\Program Files\MongoDB\Server\5.0\bin;D:\programs\src\flutter\bin;C:\Users\kaiot\AppData\Roaming\nvm;C:\Program Files\nodejs;D:\programs\heroku\bin
USERNAME=kaiot
OS=Windows_NT
PROCESSOR_IDENTIFIER=Intel64 Family 6 Model 158 Stepping 9, GenuineIntel



---------------  S Y S T E M  ---------------

OS:
 Windows 10 , 64 bit Build 19041 (10.0.19041.1889)
OS uptime: 0 days 15:20 hours

CPU: total 4 (initial active 4) (4 cores per cpu, 1 threads per core) family 6 model 158 stepping 9 microcode 0xb4, cx8, cmov, fxsr, mmx, 3dnowpref, sse, sse2, sse3, ssse3, sse4.1, sse4.2, popcnt, lzcnt, tsc, tscinvbit, avx, avx2, aes, erms, clmul, bmi1, bmi2, adx, fma, vzeroupper, clflush, clflushopt

Memory: 4k page, system-wide physical 8060M (541M free)
TotalPageFile size 10108M (AvailPageFile size 2M)
current process WorkingSet (physical memory assigned to process): 158M, peak: 158M
current process commit charge ("private bytes"): 261M, peak: 261M

vm_info: Java HotSpot(TM) 64-Bit Server VM (18.0.1.1+2-6) for windows-amd64 JRE (18.0.1.1+2-6), built on Apr 25 2022 21:53:15 by "mach5one" with MS VC++ 16.8 / 16.9 (VS2019)

END.
